<?xml version="1.0" encoding="UTF-8"?>
<testsuite name="com.tw.bootcamp.bookshop.book.BookServiceTest$BookList" tests="3" skipped="0" failures="0" errors="0" timestamp="2022-05-16T09:39:56" hostname="Abulassans-MacBook-Pro.local" time="0.079">
  <properties/>
  <testcase name="shouldFetchAllBooksWithImages()" classname="com.tw.bootcamp.bookshop.book.BookServiceTest$BookList" time="0.044"/>
  <testcase name="shouldFetchAllBooksBeSortedByNameAscending()" classname="com.tw.bootcamp.bookshop.book.BookServiceTest$BookList" time="0.021"/>
  <testcase name="shouldFetchAllBooks()" classname="com.tw.bootcamp.bookshop.book.BookServiceTest$BookList" time="0.011"/>
  <system-out><![CDATA[2022-05-16 15:09:56.118  INFO 28123 --- [    Test worker] o.s.t.c.s.DefaultTestContextBootstrapper : Neither @ContextConfiguration nor @ContextHierarchy found for test class [com.tw.bootcamp.bookshop.book.BookServiceTest$BookList], using DelegatingSmartContextLoader
2022-05-16 15:09:56.118  INFO 28123 --- [    Test worker] o.s.t.c.support.AbstractContextLoader    : Could not detect default resource locations for test class [com.tw.bootcamp.bookshop.book.BookServiceTest$BookList]: no resource found for suffixes {-context.xml}.
2022-05-16 15:09:56.119  INFO 28123 --- [    Test worker] t.c.s.AnnotationConfigContextLoaderUtils : Could not detect default configuration classes for test class [com.tw.bootcamp.bookshop.book.BookServiceTest$BookList]: BookList does not declare any static, non-private, non-final, nested classes annotated with @Configuration.
2022-05-16 15:09:56.120  INFO 28123 --- [    Test worker] o.s.t.c.s.DefaultTestContextBootstrapper : Loaded default TestExecutionListener class names from location [META-INF/spring.factories]: [org.springframework.security.test.context.support.WithSecurityContextTestExecutionListener, org.springframework.security.test.context.support.ReactorContextTestExecutionListener, org.springframework.boot.test.autoconfigure.restdocs.RestDocsTestExecutionListener, org.springframework.boot.test.autoconfigure.web.client.MockRestServiceServerResetTestExecutionListener, org.springframework.boot.test.autoconfigure.web.servlet.MockMvcPrintOnlyOnFailureTestExecutionListener, org.springframework.boot.test.autoconfigure.web.servlet.WebDriverTestExecutionListener, org.springframework.boot.test.autoconfigure.webservices.client.MockWebServiceServerTestExecutionListener, org.springframework.boot.test.mock.mockito.MockitoTestExecutionListener, org.springframework.boot.test.mock.mockito.ResetMocksTestExecutionListener, org.springframework.test.context.web.ServletTestExecutionListener, org.springframework.test.context.support.DirtiesContextBeforeModesTestExecutionListener, org.springframework.test.context.support.DependencyInjectionTestExecutionListener, org.springframework.test.context.support.DirtiesContextTestExecutionListener, org.springframework.test.context.transaction.TransactionalTestExecutionListener, org.springframework.test.context.jdbc.SqlScriptsTestExecutionListener, org.springframework.test.context.event.EventPublishingTestExecutionListener]
2022-05-16 15:09:56.121  INFO 28123 --- [    Test worker] o.s.t.c.s.DefaultTestContextBootstrapper : Using TestExecutionListeners: [org.springframework.test.context.web.ServletTestExecutionListener@21159915, org.springframework.test.context.support.DirtiesContextBeforeModesTestExecutionListener@45e4fe93, org.springframework.boot.test.mock.mockito.MockitoTestExecutionListener@3b0629c7, org.springframework.test.context.support.DependencyInjectionTestExecutionListener@1878fc5b, org.springframework.test.context.support.DirtiesContextTestExecutionListener@15a81370, org.springframework.test.context.transaction.TransactionalTestExecutionListener@77da6730, org.springframework.test.context.jdbc.SqlScriptsTestExecutionListener@7d98301d, org.springframework.security.test.context.support.WithSecurityContextTestExecutionListener@22dd81d1, org.springframework.test.context.event.EventPublishingTestExecutionListener@77bb3569, org.springframework.security.test.context.support.ReactorContextTestExecutionListener@53fc2f49, org.springframework.boot.test.autoconfigure.restdocs.RestDocsTestExecutionListener@6f58e5f3, org.springframework.boot.test.autoconfigure.web.client.MockRestServiceServerResetTestExecutionListener@21c522c0, org.springframework.boot.test.autoconfigure.web.servlet.MockMvcPrintOnlyOnFailureTestExecutionListener@ffb5bec, org.springframework.boot.test.autoconfigure.web.servlet.WebDriverTestExecutionListener@3dcfab3d, org.springframework.boot.test.autoconfigure.webservices.client.MockWebServiceServerTestExecutionListener@1590a60a, org.springframework.boot.test.mock.mockito.ResetMocksTestExecutionListener@1dcb555a]
]]></system-out>
  <system-err><![CDATA[]]></system-err>
</testsuite>
