<?xml version="1.0" encoding="UTF-8"?>
<testsuite name="com.tw.bootcamp.bookshop.book.BookControllerTest$BookSearch" tests="4" skipped="0" failures="0" errors="0" timestamp="2022-05-16T09:39:55" hostname="Abulassans-MacBook-Pro.local" time="0.068">
  <properties/>
  <testcase name="shouldListBooksWhenUserSearchWithAuthorName()" classname="com.tw.bootcamp.bookshop.book.BookControllerTest$BookSearch" time="0.032"/>
  <testcase name="shouldListBooksWhenUserSearchWithBothBookNameAndAuthorName()" classname="com.tw.bootcamp.bookshop.book.BookControllerTest$BookSearch" time="0.009"/>
  <testcase name="shouldListBooksWhenUserSearchWithBookName()" classname="com.tw.bootcamp.bookshop.book.BookControllerTest$BookSearch" time="0.008"/>
  <testcase name="shouldBeEmptyListWhenNoBooksPresent()" classname="com.tw.bootcamp.bookshop.book.BookControllerTest$BookSearch" time="0.011"/>
  <system-out><![CDATA[2022-05-16 15:09:55.699  INFO 28123 --- [    Test worker] o.s.t.c.s.DefaultTestContextBootstrapper : Neither @ContextConfiguration nor @ContextHierarchy found for test class [com.tw.bootcamp.bookshop.book.BookControllerTest$BookSearch], using DelegatingSmartContextLoader
2022-05-16 15:09:55.700  INFO 28123 --- [    Test worker] o.s.t.c.support.AbstractContextLoader    : Could not detect default resource locations for test class [com.tw.bootcamp.bookshop.book.BookControllerTest$BookSearch]: no resource found for suffixes {-context.xml}.
2022-05-16 15:09:55.700  INFO 28123 --- [    Test worker] t.c.s.AnnotationConfigContextLoaderUtils : Could not detect default configuration classes for test class [com.tw.bootcamp.bookshop.book.BookControllerTest$BookSearch]: BookSearch does not declare any static, non-private, non-final, nested classes annotated with @Configuration.
2022-05-16 15:09:55.701  INFO 28123 --- [    Test worker] o.s.t.c.s.DefaultTestContextBootstrapper : Loaded default TestExecutionListener class names from location [META-INF/spring.factories]: [org.springframework.security.test.context.support.WithSecurityContextTestExecutionListener, org.springframework.security.test.context.support.ReactorContextTestExecutionListener, org.springframework.boot.test.autoconfigure.restdocs.RestDocsTestExecutionListener, org.springframework.boot.test.autoconfigure.web.client.MockRestServiceServerResetTestExecutionListener, org.springframework.boot.test.autoconfigure.web.servlet.MockMvcPrintOnlyOnFailureTestExecutionListener, org.springframework.boot.test.autoconfigure.web.servlet.WebDriverTestExecutionListener, org.springframework.boot.test.autoconfigure.webservices.client.MockWebServiceServerTestExecutionListener, org.springframework.boot.test.mock.mockito.MockitoTestExecutionListener, org.springframework.boot.test.mock.mockito.ResetMocksTestExecutionListener, org.springframework.test.context.web.ServletTestExecutionListener, org.springframework.test.context.support.DirtiesContextBeforeModesTestExecutionListener, org.springframework.test.context.support.DependencyInjectionTestExecutionListener, org.springframework.test.context.support.DirtiesContextTestExecutionListener, org.springframework.test.context.transaction.TransactionalTestExecutionListener, org.springframework.test.context.jdbc.SqlScriptsTestExecutionListener, org.springframework.test.context.event.EventPublishingTestExecutionListener]
2022-05-16 15:09:55.702  INFO 28123 --- [    Test worker] o.s.t.c.s.DefaultTestContextBootstrapper : Using TestExecutionListeners: [org.springframework.test.context.web.ServletTestExecutionListener@5117f99b, org.springframework.test.context.support.DirtiesContextBeforeModesTestExecutionListener@2d56de37, org.springframework.boot.test.mock.mockito.MockitoTestExecutionListener@1daa6753, org.springframework.test.context.support.DependencyInjectionTestExecutionListener@3af37496, org.springframework.test.context.support.DirtiesContextTestExecutionListener@54c69972, org.springframework.test.context.transaction.TransactionalTestExecutionListener@4f7a52bb, org.springframework.test.context.jdbc.SqlScriptsTestExecutionListener@12434f8, org.springframework.security.test.context.support.WithSecurityContextTestExecutionListener@2052b78e, org.springframework.test.context.event.EventPublishingTestExecutionListener@403fa7ff, org.springframework.security.test.context.support.ReactorContextTestExecutionListener@5d4ddac9, org.springframework.boot.test.autoconfigure.restdocs.RestDocsTestExecutionListener@7d6ea66c, org.springframework.boot.test.autoconfigure.web.client.MockRestServiceServerResetTestExecutionListener@48b59088, org.springframework.boot.test.autoconfigure.web.servlet.MockMvcPrintOnlyOnFailureTestExecutionListener@7588d63e, org.springframework.boot.test.autoconfigure.web.servlet.WebDriverTestExecutionListener@4620c1d4, org.springframework.boot.test.autoconfigure.webservices.client.MockWebServiceServerTestExecutionListener@4ef542ba, org.springframework.boot.test.mock.mockito.ResetMocksTestExecutionListener@2aa0aa3c]
]]></system-out>
  <system-err><![CDATA[]]></system-err>
</testsuite>
