<?xml version="1.0" encoding="UTF-8"?>
<testsuite name="com.tw.bootcamp.bookshop.purchase.PurchaseServiceTest$CardPaymentMethodTest" tests="2" skipped="0" failures="0" errors="0" timestamp="2022-05-16T09:39:58" hostname="Abulassans-MacBook-Pro.local" time="0.011">
  <properties/>
  <testcase name="throwPaymentFailedExceptionWhenCardDetailsAreInvalid()" classname="com.tw.bootcamp.bookshop.purchase.PurchaseServiceTest$CardPaymentMethodTest" time="0.008"/>
  <testcase name="shouldPlaceAnOrderSuccessfullyWhenPaymentMethodIsCard()" classname="com.tw.bootcamp.bookshop.purchase.PurchaseServiceTest$CardPaymentMethodTest" time="0.002"/>
  <system-out><![CDATA[]]></system-out>
  <system-err><![CDATA[]]></system-err>
</testsuite>
