<?xml version="1.0" encoding="UTF-8"?>
<testsuite name="com.tw.bootcamp.bookshop.book.ReviewServiceTest" tests="4" skipped="0" failures="0" errors="0" timestamp="2022-05-16T09:39:56" hostname="Abulassans-MacBook-Pro.local" time="0.121">
  <properties/>
  <testcase name="shouldReturnTwoReviewsWhenTwoReviewsAddedForSameBook()" classname="com.tw.bootcamp.bookshop.book.ReviewServiceTest" time="0.027"/>
  <testcase name="shouldReturnReviewsListAddedForGivenBookWhenMultipleReviewsAddedForDifferentBooks()" classname="com.tw.bootcamp.bookshop.book.ReviewServiceTest" time="0.055"/>
  <testcase name="shouldReturnEmptyListWhenNoReviewsAvailableForGivenBook()" classname="com.tw.bootcamp.bookshop.book.ReviewServiceTest" time="0.015"/>
  <testcase name="shouldReturnOneReviewWhenOneReviewIsAddedForGivenBook()" classname="com.tw.bootcamp.bookshop.book.ReviewServiceTest" time="0.017"/>
  <system-out><![CDATA[2022-05-16 15:09:56.209  INFO 28123 --- [    Test worker] .b.t.c.SpringBootTestContextBootstrapper : Neither @ContextConfiguration nor @ContextHierarchy found for test class [com.tw.bootcamp.bookshop.book.ReviewServiceTest], using SpringBootContextLoader
2022-05-16 15:09:56.210  INFO 28123 --- [    Test worker] o.s.t.c.support.AbstractContextLoader    : Could not detect default resource locations for test class [com.tw.bootcamp.bookshop.book.ReviewServiceTest]: no resource found for suffixes {-context.xml, Context.groovy}.
2022-05-16 15:09:56.215  INFO 28123 --- [    Test worker] t.c.s.AnnotationConfigContextLoaderUtils : Could not detect default configuration classes for test class [com.tw.bootcamp.bookshop.book.ReviewServiceTest]: ReviewServiceTest does not declare any static, non-private, non-final, nested classes annotated with @Configuration.
2022-05-16 15:09:56.217  INFO 28123 --- [    Test worker] .b.t.c.SpringBootTestContextBootstrapper : Found @SpringBootConfiguration com.tw.bootcamp.bookshop.BookshopApplication for test class com.tw.bootcamp.bookshop.book.ReviewServiceTest
2022-05-16 15:09:56.219  INFO 28123 --- [    Test worker] .b.t.c.SpringBootTestContextBootstrapper : Loaded default TestExecutionListener class names from location [META-INF/spring.factories]: [org.springframework.security.test.context.support.WithSecurityContextTestExecutionListener, org.springframework.security.test.context.support.ReactorContextTestExecutionListener, org.springframework.boot.test.autoconfigure.restdocs.RestDocsTestExecutionListener, org.springframework.boot.test.autoconfigure.web.client.MockRestServiceServerResetTestExecutionListener, org.springframework.boot.test.autoconfigure.web.servlet.MockMvcPrintOnlyOnFailureTestExecutionListener, org.springframework.boot.test.autoconfigure.web.servlet.WebDriverTestExecutionListener, org.springframework.boot.test.autoconfigure.webservices.client.MockWebServiceServerTestExecutionListener, org.springframework.boot.test.mock.mockito.MockitoTestExecutionListener, org.springframework.boot.test.mock.mockito.ResetMocksTestExecutionListener, org.springframework.test.context.web.ServletTestExecutionListener, org.springframework.test.context.support.DirtiesContextBeforeModesTestExecutionListener, org.springframework.test.context.support.DependencyInjectionTestExecutionListener, org.springframework.test.context.support.DirtiesContextTestExecutionListener, org.springframework.test.context.transaction.TransactionalTestExecutionListener, org.springframework.test.context.jdbc.SqlScriptsTestExecutionListener, org.springframework.test.context.event.EventPublishingTestExecutionListener]
2022-05-16 15:09:56.220  INFO 28123 --- [    Test worker] .b.t.c.SpringBootTestContextBootstrapper : Using TestExecutionListeners: [org.springframework.test.context.web.ServletTestExecutionListener@62de4e3d, org.springframework.test.context.support.DirtiesContextBeforeModesTestExecutionListener@5035c0ca, org.springframework.boot.test.mock.mockito.MockitoTestExecutionListener@2c06986a, org.springframework.boot.test.autoconfigure.SpringBootDependencyInjectionTestExecutionListener@3c75a86, org.springframework.test.context.support.DirtiesContextTestExecutionListener@13784365, org.springframework.test.context.transaction.TransactionalTestExecutionListener@6d35f250, org.springframework.test.context.jdbc.SqlScriptsTestExecutionListener@7568e254, org.springframework.security.test.context.support.WithSecurityContextTestExecutionListener@4cc29515, org.springframework.test.context.event.EventPublishingTestExecutionListener@1df08483, org.springframework.security.test.context.support.ReactorContextTestExecutionListener@5f15421f, org.springframework.boot.test.autoconfigure.restdocs.RestDocsTestExecutionListener@6d5d61eb, org.springframework.boot.test.autoconfigure.web.client.MockRestServiceServerResetTestExecutionListener@35ef2b68, org.springframework.boot.test.autoconfigure.web.servlet.MockMvcPrintOnlyOnFailureTestExecutionListener@2c2265ca, org.springframework.boot.test.autoconfigure.web.servlet.WebDriverTestExecutionListener@5952dfeb, org.springframework.boot.test.autoconfigure.webservices.client.MockWebServiceServerTestExecutionListener@5f06bf13, org.springframework.boot.test.mock.mockito.ResetMocksTestExecutionListener@13fe6bf0]
]]></system-out>
  <system-err><![CDATA[]]></system-err>
</testsuite>
