<?xml version="1.0" encoding="UTF-8"?>
<testsuite name="com.tw.bootcamp.bookshop.book.BookServiceTest$UpdateBook" tests="1" skipped="0" failures="0" errors="0" timestamp="2022-05-16T09:39:55" hostname="Abulassans-MacBook-Pro.local" time="0.02">
  <properties/>
  <testcase name="shouldUpdateBookTotalAvailableCountGivenNoOfCopiesPurchased()" classname="com.tw.bootcamp.bookshop.book.BookServiceTest$UpdateBook" time="0.02"/>
  <system-out><![CDATA[2022-05-16 15:09:55.967  INFO 28123 --- [    Test worker] o.s.t.c.s.DefaultTestContextBootstrapper : Neither @ContextConfiguration nor @ContextHierarchy found for test class [com.tw.bootcamp.bookshop.book.BookServiceTest$UpdateBook], using DelegatingSmartContextLoader
2022-05-16 15:09:55.968  INFO 28123 --- [    Test worker] o.s.t.c.support.AbstractContextLoader    : Could not detect default resource locations for test class [com.tw.bootcamp.bookshop.book.BookServiceTest$UpdateBook]: no resource found for suffixes {-context.xml}.
2022-05-16 15:09:55.968  INFO 28123 --- [    Test worker] t.c.s.AnnotationConfigContextLoaderUtils : Could not detect default configuration classes for test class [com.tw.bootcamp.bookshop.book.BookServiceTest$UpdateBook]: UpdateBook does not declare any static, non-private, non-final, nested classes annotated with @Configuration.
2022-05-16 15:09:55.970  INFO 28123 --- [    Test worker] o.s.t.c.s.DefaultTestContextBootstrapper : Loaded default TestExecutionListener class names from location [META-INF/spring.factories]: [org.springframework.security.test.context.support.WithSecurityContextTestExecutionListener, org.springframework.security.test.context.support.ReactorContextTestExecutionListener, org.springframework.boot.test.autoconfigure.restdocs.RestDocsTestExecutionListener, org.springframework.boot.test.autoconfigure.web.client.MockRestServiceServerResetTestExecutionListener, org.springframework.boot.test.autoconfigure.web.servlet.MockMvcPrintOnlyOnFailureTestExecutionListener, org.springframework.boot.test.autoconfigure.web.servlet.WebDriverTestExecutionListener, org.springframework.boot.test.autoconfigure.webservices.client.MockWebServiceServerTestExecutionListener, org.springframework.boot.test.mock.mockito.MockitoTestExecutionListener, org.springframework.boot.test.mock.mockito.ResetMocksTestExecutionListener, org.springframework.test.context.web.ServletTestExecutionListener, org.springframework.test.context.support.DirtiesContextBeforeModesTestExecutionListener, org.springframework.test.context.support.DependencyInjectionTestExecutionListener, org.springframework.test.context.support.DirtiesContextTestExecutionListener, org.springframework.test.context.transaction.TransactionalTestExecutionListener, org.springframework.test.context.jdbc.SqlScriptsTestExecutionListener, org.springframework.test.context.event.EventPublishingTestExecutionListener]
2022-05-16 15:09:55.971  INFO 28123 --- [    Test worker] o.s.t.c.s.DefaultTestContextBootstrapper : Using TestExecutionListeners: [org.springframework.test.context.web.ServletTestExecutionListener@22b2cca5, org.springframework.test.context.support.DirtiesContextBeforeModesTestExecutionListener@7198118f, org.springframework.boot.test.mock.mockito.MockitoTestExecutionListener@618ac419, org.springframework.test.context.support.DependencyInjectionTestExecutionListener@7b0f0345, org.springframework.test.context.support.DirtiesContextTestExecutionListener@4f6c3f65, org.springframework.test.context.transaction.TransactionalTestExecutionListener@7e495b6e, org.springframework.test.context.jdbc.SqlScriptsTestExecutionListener@49d4e2b2, org.springframework.security.test.context.support.WithSecurityContextTestExecutionListener@4ac2c5e6, org.springframework.test.context.event.EventPublishingTestExecutionListener@64fb5ccc, org.springframework.security.test.context.support.ReactorContextTestExecutionListener@50dde916, org.springframework.boot.test.autoconfigure.restdocs.RestDocsTestExecutionListener@3e7240cd, org.springframework.boot.test.autoconfigure.web.client.MockRestServiceServerResetTestExecutionListener@62434f10, org.springframework.boot.test.autoconfigure.web.servlet.MockMvcPrintOnlyOnFailureTestExecutionListener@5ce062a8, org.springframework.boot.test.autoconfigure.web.servlet.WebDriverTestExecutionListener@634ab57b, org.springframework.boot.test.autoconfigure.webservices.client.MockWebServiceServerTestExecutionListener@4f12f5f7, org.springframework.boot.test.mock.mockito.ResetMocksTestExecutionListener@375118ca]
]]></system-out>
  <system-err><![CDATA[]]></system-err>
</testsuite>
