<?xml version="1.0" encoding="UTF-8"?>
<testsuite name="com.tw.bootcamp.bookshop.user.address.AddressServiceTest" tests="3" skipped="0" failures="0" errors="0" timestamp="2022-05-16T09:39:54" hostname="Abulassans-MacBook-Pro.local" time="0.315">
  <properties/>
  <testcase name="shouldCreateAddressWhenValid()" classname="com.tw.bootcamp.bookshop.user.address.AddressServiceTest" time="0.201"/>
  <testcase name="shouldNotCreateAddressWhenUserIsNotValid()" classname="com.tw.bootcamp.bookshop.user.address.AddressServiceTest" time="0.015"/>
  <testcase name="shouldNotCreateAddressWhenInValid()" classname="com.tw.bootcamp.bookshop.user.address.AddressServiceTest" time="0.095"/>
  <system-out><![CDATA[2022-05-16 15:09:53.985  INFO 28123 --- [    Test worker] .b.t.c.SpringBootTestContextBootstrapper : Neither @ContextConfiguration nor @ContextHierarchy found for test class [com.tw.bootcamp.bookshop.user.address.AddressServiceTest], using SpringBootContextLoader
2022-05-16 15:09:53.988  INFO 28123 --- [    Test worker] o.s.t.c.support.AbstractContextLoader    : Could not detect default resource locations for test class [com.tw.bootcamp.bookshop.user.address.AddressServiceTest]: no resource found for suffixes {-context.xml, Context.groovy}.
2022-05-16 15:09:53.988  INFO 28123 --- [    Test worker] t.c.s.AnnotationConfigContextLoaderUtils : Could not detect default configuration classes for test class [com.tw.bootcamp.bookshop.user.address.AddressServiceTest]: AddressServiceTest does not declare any static, non-private, non-final, nested classes annotated with @Configuration.
2022-05-16 15:09:53.991  INFO 28123 --- [    Test worker] .b.t.c.SpringBootTestContextBootstrapper : Found @SpringBootConfiguration com.tw.bootcamp.bookshop.BookshopApplication for test class com.tw.bootcamp.bookshop.user.address.AddressServiceTest
2022-05-16 15:09:53.996  INFO 28123 --- [    Test worker] .b.t.c.SpringBootTestContextBootstrapper : Loaded default TestExecutionListener class names from location [META-INF/spring.factories]: [org.springframework.security.test.context.support.WithSecurityContextTestExecutionListener, org.springframework.security.test.context.support.ReactorContextTestExecutionListener, org.springframework.boot.test.autoconfigure.restdocs.RestDocsTestExecutionListener, org.springframework.boot.test.autoconfigure.web.client.MockRestServiceServerResetTestExecutionListener, org.springframework.boot.test.autoconfigure.web.servlet.MockMvcPrintOnlyOnFailureTestExecutionListener, org.springframework.boot.test.autoconfigure.web.servlet.WebDriverTestExecutionListener, org.springframework.boot.test.autoconfigure.webservices.client.MockWebServiceServerTestExecutionListener, org.springframework.boot.test.mock.mockito.MockitoTestExecutionListener, org.springframework.boot.test.mock.mockito.ResetMocksTestExecutionListener, org.springframework.test.context.web.ServletTestExecutionListener, org.springframework.test.context.support.DirtiesContextBeforeModesTestExecutionListener, org.springframework.test.context.support.DependencyInjectionTestExecutionListener, org.springframework.test.context.support.DirtiesContextTestExecutionListener, org.springframework.test.context.transaction.TransactionalTestExecutionListener, org.springframework.test.context.jdbc.SqlScriptsTestExecutionListener, org.springframework.test.context.event.EventPublishingTestExecutionListener]
2022-05-16 15:09:53.996  INFO 28123 --- [    Test worker] .b.t.c.SpringBootTestContextBootstrapper : Using TestExecutionListeners: [org.springframework.test.context.web.ServletTestExecutionListener@9c3c993, org.springframework.test.context.support.DirtiesContextBeforeModesTestExecutionListener@42c185b3, org.springframework.boot.test.mock.mockito.MockitoTestExecutionListener@48ca1391, org.springframework.boot.test.autoconfigure.SpringBootDependencyInjectionTestExecutionListener@7c255a1b, org.springframework.test.context.support.DirtiesContextTestExecutionListener@6bbd8b5d, org.springframework.test.context.transaction.TransactionalTestExecutionListener@259f7784, org.springframework.test.context.jdbc.SqlScriptsTestExecutionListener@3dd1ae3d, org.springframework.security.test.context.support.WithSecurityContextTestExecutionListener@6b72ce1e, org.springframework.test.context.event.EventPublishingTestExecutionListener@6c12574e, org.springframework.security.test.context.support.ReactorContextTestExecutionListener@326f2e1f, org.springframework.boot.test.autoconfigure.restdocs.RestDocsTestExecutionListener@2ffce29, org.springframework.boot.test.autoconfigure.web.client.MockRestServiceServerResetTestExecutionListener@7f80f256, org.springframework.boot.test.autoconfigure.web.servlet.MockMvcPrintOnlyOnFailureTestExecutionListener@1d672cf, org.springframework.boot.test.autoconfigure.web.servlet.WebDriverTestExecutionListener@4a82ab3c, org.springframework.boot.test.autoconfigure.webservices.client.MockWebServiceServerTestExecutionListener@36f0bac3, org.springframework.boot.test.mock.mockito.ResetMocksTestExecutionListener@4e9aec09]
2022-05-16 15:09:54.216  WARN 28123 --- [    Test worker] o.h.engine.jdbc.spi.SqlExceptionHelper   : SQL Error: 23502, SQLState: 23502
2022-05-16 15:09:54.217 ERROR 28123 --- [    Test worker] o.h.engine.jdbc.spi.SqlExceptionHelper   : NULL not allowed for column "USER_ID"; SQL statement:
insert into addresses (city, country, is_default, line_no_one, line_no_two, pin_code, state, user_id) values (?, ?, ?, ?, ?, ?, ?, ?) [23502-200]
]]></system-out>
  <system-err><![CDATA[]]></system-err>
</testsuite>
