<?xml version="1.0" encoding="UTF-8"?>
<testsuite name="com.tw.bootcamp.bookshop.BookshopApplicationTests" tests="1" skipped="0" failures="0" errors="0" timestamp="2022-05-16T09:39:49" hostname="Abulassans-MacBook-Pro.local" time="0.009">
  <properties/>
  <testcase name="contextLoads()" classname="com.tw.bootcamp.bookshop.BookshopApplicationTests" time="0.009"/>
  <system-out><![CDATA[2022-05-16 15:09:49.466  INFO 28123 --- [    Test worker] .b.t.c.SpringBootTestContextBootstrapper : Neither @ContextConfiguration nor @ContextHierarchy found for test class [com.tw.bootcamp.bookshop.BookshopApplicationTests], using SpringBootContextLoader
2022-05-16 15:09:49.470  INFO 28123 --- [    Test worker] o.s.t.c.support.AbstractContextLoader    : Could not detect default resource locations for test class [com.tw.bootcamp.bookshop.BookshopApplicationTests]: no resource found for suffixes {-context.xml, Context.groovy}.
2022-05-16 15:09:49.471  INFO 28123 --- [    Test worker] t.c.s.AnnotationConfigContextLoaderUtils : Could not detect default configuration classes for test class [com.tw.bootcamp.bookshop.BookshopApplicationTests]: BookshopApplicationTests does not declare any static, non-private, non-final, nested classes annotated with @Configuration.
2022-05-16 15:09:49.491  INFO 28123 --- [    Test worker] .b.t.c.SpringBootTestContextBootstrapper : Found @SpringBootConfiguration com.tw.bootcamp.bookshop.BookshopApplication for test class com.tw.bootcamp.bookshop.BookshopApplicationTests
2022-05-16 15:09:49.500  INFO 28123 --- [    Test worker] .b.t.c.SpringBootTestContextBootstrapper : Loaded default TestExecutionListener class names from location [META-INF/spring.factories]: [org.springframework.security.test.context.support.WithSecurityContextTestExecutionListener, org.springframework.security.test.context.support.ReactorContextTestExecutionListener, org.springframework.boot.test.autoconfigure.restdocs.RestDocsTestExecutionListener, org.springframework.boot.test.autoconfigure.web.client.MockRestServiceServerResetTestExecutionListener, org.springframework.boot.test.autoconfigure.web.servlet.MockMvcPrintOnlyOnFailureTestExecutionListener, org.springframework.boot.test.autoconfigure.web.servlet.WebDriverTestExecutionListener, org.springframework.boot.test.autoconfigure.webservices.client.MockWebServiceServerTestExecutionListener, org.springframework.boot.test.mock.mockito.MockitoTestExecutionListener, org.springframework.boot.test.mock.mockito.ResetMocksTestExecutionListener, org.springframework.test.context.web.ServletTestExecutionListener, org.springframework.test.context.support.DirtiesContextBeforeModesTestExecutionListener, org.springframework.test.context.support.DependencyInjectionTestExecutionListener, org.springframework.test.context.support.DirtiesContextTestExecutionListener, org.springframework.test.context.transaction.TransactionalTestExecutionListener, org.springframework.test.context.jdbc.SqlScriptsTestExecutionListener, org.springframework.test.context.event.EventPublishingTestExecutionListener]
2022-05-16 15:09:49.501  INFO 28123 --- [    Test worker] .b.t.c.SpringBootTestContextBootstrapper : Using TestExecutionListeners: [org.springframework.test.context.web.ServletTestExecutionListener@45706721, org.springframework.test.context.support.DirtiesContextBeforeModesTestExecutionListener@451e1923, org.springframework.boot.test.mock.mockito.MockitoTestExecutionListener@5dae49eb, org.springframework.boot.test.autoconfigure.SpringBootDependencyInjectionTestExecutionListener@245935cf, org.springframework.test.context.support.DirtiesContextTestExecutionListener@6256170a, org.springframework.test.context.transaction.TransactionalTestExecutionListener@57b4cd62, org.springframework.test.context.jdbc.SqlScriptsTestExecutionListener@78fa376e, org.springframework.security.test.context.support.WithSecurityContextTestExecutionListener@15e092f3, org.springframework.test.context.event.EventPublishingTestExecutionListener@47dc3902, org.springframework.security.test.context.support.ReactorContextTestExecutionListener@36f22346, org.springframework.boot.test.autoconfigure.restdocs.RestDocsTestExecutionListener@1f9a23b1, org.springframework.boot.test.autoconfigure.web.client.MockRestServiceServerResetTestExecutionListener@efc5dbb, org.springframework.boot.test.autoconfigure.web.servlet.MockMvcPrintOnlyOnFailureTestExecutionListener@28ce614f, org.springframework.boot.test.autoconfigure.web.servlet.WebDriverTestExecutionListener@f819f03, org.springframework.boot.test.autoconfigure.webservices.client.MockWebServiceServerTestExecutionListener@41c8a2e9, org.springframework.boot.test.mock.mockito.ResetMocksTestExecutionListener@2d353eee]
]]></system-out>
  <system-err><![CDATA[]]></system-err>
</testsuite>
