<?xml version="1.0" encoding="UTF-8"?>
<testsuite name="com.tw.bootcamp.bookshop.purchase.payment.CreditDebitCardTest" tests="4" skipped="0" failures="0" errors="0" timestamp="2022-05-16T09:39:57" hostname="Abulassans-MacBook-Pro.local" time="1.079">
  <properties/>
  <testcase name="shouldThrowBadRequestExceptionWhenCardDetailAreInvalid()" classname="com.tw.bootcamp.bookshop.purchase.payment.CreditDebitCardTest" time="0.941"/>
  <testcase name="shouldPayUsingCreditCardMethod()" classname="com.tw.bootcamp.bookshop.purchase.payment.CreditDebitCardTest" time="0.06"/>
  <testcase name="shouldReturnCardAsPaymentMethodType()" classname="com.tw.bootcamp.bookshop.purchase.payment.CreditDebitCardTest" time="0.004"/>
  <testcase name="shouldThrowInternalServerErrorExceptionWhenCardDetailAreInvalid()" classname="com.tw.bootcamp.bookshop.purchase.payment.CreditDebitCardTest" time="0.039"/>
  <system-out><![CDATA[2022-05-16 15:09:56.359  INFO 28123 --- [    Test worker] .b.t.c.SpringBootTestContextBootstrapper : Neither @ContextConfiguration nor @ContextHierarchy found for test class [com.tw.bootcamp.bookshop.purchase.payment.CreditDebitCardTest], using SpringBootContextLoader
2022-05-16 15:09:56.361  INFO 28123 --- [    Test worker] o.s.t.c.support.AbstractContextLoader    : Could not detect default resource locations for test class [com.tw.bootcamp.bookshop.purchase.payment.CreditDebitCardTest]: no resource found for suffixes {-context.xml, Context.groovy}.
2022-05-16 15:09:56.361  INFO 28123 --- [    Test worker] t.c.s.AnnotationConfigContextLoaderUtils : Could not detect default configuration classes for test class [com.tw.bootcamp.bookshop.purchase.payment.CreditDebitCardTest]: CreditDebitCardTest does not declare any static, non-private, non-final, nested classes annotated with @Configuration.
2022-05-16 15:09:56.384  INFO 28123 --- [    Test worker] .b.t.c.SpringBootTestContextBootstrapper : Found @SpringBootConfiguration com.tw.bootcamp.bookshop.BookshopApplication for test class com.tw.bootcamp.bookshop.purchase.payment.CreditDebitCardTest
2022-05-16 15:09:56.385  INFO 28123 --- [    Test worker] .b.t.c.SpringBootTestContextBootstrapper : Loaded default TestExecutionListener class names from location [META-INF/spring.factories]: [org.springframework.security.test.context.support.WithSecurityContextTestExecutionListener, org.springframework.security.test.context.support.ReactorContextTestExecutionListener, org.springframework.boot.test.autoconfigure.restdocs.RestDocsTestExecutionListener, org.springframework.boot.test.autoconfigure.web.client.MockRestServiceServerResetTestExecutionListener, org.springframework.boot.test.autoconfigure.web.servlet.MockMvcPrintOnlyOnFailureTestExecutionListener, org.springframework.boot.test.autoconfigure.web.servlet.WebDriverTestExecutionListener, org.springframework.boot.test.autoconfigure.webservices.client.MockWebServiceServerTestExecutionListener, org.springframework.boot.test.mock.mockito.MockitoTestExecutionListener, org.springframework.boot.test.mock.mockito.ResetMocksTestExecutionListener, org.springframework.test.context.web.ServletTestExecutionListener, org.springframework.test.context.support.DirtiesContextBeforeModesTestExecutionListener, org.springframework.test.context.support.DependencyInjectionTestExecutionListener, org.springframework.test.context.support.DirtiesContextTestExecutionListener, org.springframework.test.context.transaction.TransactionalTestExecutionListener, org.springframework.test.context.jdbc.SqlScriptsTestExecutionListener, org.springframework.test.context.event.EventPublishingTestExecutionListener]
2022-05-16 15:09:56.385  INFO 28123 --- [    Test worker] .b.t.c.SpringBootTestContextBootstrapper : Using TestExecutionListeners: [org.springframework.test.context.web.ServletTestExecutionListener@556e8df2, org.springframework.test.context.support.DirtiesContextBeforeModesTestExecutionListener@1671470b, org.springframework.boot.test.mock.mockito.MockitoTestExecutionListener@571c43e3, org.springframework.boot.test.autoconfigure.SpringBootDependencyInjectionTestExecutionListener@524ac454, org.springframework.test.context.support.DirtiesContextTestExecutionListener@73eac2f2, org.springframework.test.context.transaction.TransactionalTestExecutionListener@6fbf9a9b, org.springframework.test.context.jdbc.SqlScriptsTestExecutionListener@5a89cfd4, org.springframework.security.test.context.support.WithSecurityContextTestExecutionListener@5e65c8b5, org.springframework.test.context.event.EventPublishingTestExecutionListener@7bbd7cd9, org.springframework.security.test.context.support.ReactorContextTestExecutionListener@68454a77, org.springframework.boot.test.autoconfigure.restdocs.RestDocsTestExecutionListener@7ca6dfc4, org.springframework.boot.test.autoconfigure.web.client.MockRestServiceServerResetTestExecutionListener@c769085, org.springframework.boot.test.autoconfigure.web.servlet.MockMvcPrintOnlyOnFailureTestExecutionListener@1c3d6e66, org.springframework.boot.test.autoconfigure.web.servlet.WebDriverTestExecutionListener@5e699964, org.springframework.boot.test.autoconfigure.webservices.client.MockWebServiceServerTestExecutionListener@147b2592, org.springframework.boot.test.mock.mockito.ResetMocksTestExecutionListener@2cb17d20]
2022-05-16 15:09:56.965  INFO 28123 --- [    Test worker] org.eclipse.jetty.util.log               : Logging initialized @31391ms to org.eclipse.jetty.util.log.Slf4jLog
2022-05-16 15:09:57.239  INFO 28123 --- [    Test worker] org.eclipse.jetty.server.Server          : jetty-9.4.30.v20200611; built: 2020-06-11T12:34:51.929Z; git: 271836e4c1f4612f12b7bb13ef5a92a927634b0d; jvm 1.8.0_292-b10
2022-05-16 15:09:57.294  INFO 28123 --- [    Test worker] o.e.jetty.server.handler.ContextHandler  : Started o.e.j.s.ServletContextHandler@56a43e46{/__admin,null,AVAILABLE}
2022-05-16 15:09:57.307  INFO 28123 --- [    Test worker] o.e.j.s.handler.ContextHandler.ROOT      : RequestHandlerClass from context returned com.github.tomakehurst.wiremock.http.StubRequestHandler. Normalized mapped under returned 'null'
2022-05-16 15:09:57.308  INFO 28123 --- [    Test worker] o.e.jetty.server.handler.ContextHandler  : Started o.e.j.s.ServletContextHandler@439894e3{/,null,AVAILABLE}
2022-05-16 15:09:57.356  INFO 28123 --- [    Test worker] o.e.jetty.server.AbstractConnector       : Started NetworkTrafficServerConnector@548d0df1{HTTP/1.1, (http/1.1, h2c)}{0.0.0.0:8090}
2022-05-16 15:09:57.359  INFO 28123 --- [    Test worker] org.eclipse.jetty.server.Server          : Started @31785ms
2022-05-16 15:09:57.974  INFO 28123 --- [p1011258466-348] o.e.j.s.handler.ContextHandler.__admin   : RequestHandlerClass from context returned com.github.tomakehurst.wiremock.http.AdminRequestHandler. Normalized mapped under returned 'null'
2022-05-16 15:09:58.540  INFO 28123 --- [    Test worker] o.e.jetty.server.AbstractConnector       : Stopped NetworkTrafficServerConnector@548d0df1{HTTP/1.1, (http/1.1, h2c)}{0.0.0.0:8090}
2022-05-16 15:09:58.551  INFO 28123 --- [    Test worker] o.e.jetty.server.handler.ContextHandler  : Stopped o.e.j.s.ServletContextHandler@439894e3{/,null,UNAVAILABLE}
2022-05-16 15:09:58.552  INFO 28123 --- [    Test worker] o.e.jetty.server.handler.ContextHandler  : Stopped o.e.j.s.ServletContextHandler@56a43e46{/__admin,null,UNAVAILABLE}
]]></system-out>
  <system-err><![CDATA[]]></system-err>
</testsuite>
