<?xml version="1.0" encoding="UTF-8"?>
<testsuite name="com.tw.bootcamp.bookshop.book.BookControllerTest$ViewBookDetails" tests="3" skipped="0" failures="0" errors="0" timestamp="2022-05-16T09:39:55" hostname="Abulassans-MacBook-Pro.local" time="0.093">
  <properties/>
  <testcase name="shouldBeAbleToViewBookDetailsWithReviewsWhenBookIsAvailable()" classname="com.tw.bootcamp.bookshop.book.BookControllerTest$ViewBookDetails" time="0.052"/>
  <testcase name="shouldThrowBookNotAvailableExceptionWhenBookIsNotFound()" classname="com.tw.bootcamp.bookshop.book.BookControllerTest$ViewBookDetails" time="0.028"/>
  <testcase name="shouldBeAbleToViewBookDetailsWhenBookIsAvailable()" classname="com.tw.bootcamp.bookshop.book.BookControllerTest$ViewBookDetails" time="0.007"/>
  <system-out><![CDATA[2022-05-16 15:09:54.369  INFO 28123 --- [    Test worker] o.s.t.c.s.DefaultTestContextBootstrapper : Neither @ContextConfiguration nor @ContextHierarchy found for test class [com.tw.bootcamp.bookshop.book.BookControllerTest$ViewBookDetails], using DelegatingSmartContextLoader
2022-05-16 15:09:54.370  INFO 28123 --- [    Test worker] o.s.t.c.support.AbstractContextLoader    : Could not detect default resource locations for test class [com.tw.bootcamp.bookshop.book.BookControllerTest$ViewBookDetails]: no resource found for suffixes {-context.xml}.
2022-05-16 15:09:54.370  INFO 28123 --- [    Test worker] t.c.s.AnnotationConfigContextLoaderUtils : Could not detect default configuration classes for test class [com.tw.bootcamp.bookshop.book.BookControllerTest$ViewBookDetails]: ViewBookDetails does not declare any static, non-private, non-final, nested classes annotated with @Configuration.
2022-05-16 15:09:54.371  INFO 28123 --- [    Test worker] o.s.t.c.s.DefaultTestContextBootstrapper : Loaded default TestExecutionListener class names from location [META-INF/spring.factories]: [org.springframework.security.test.context.support.WithSecurityContextTestExecutionListener, org.springframework.security.test.context.support.ReactorContextTestExecutionListener, org.springframework.boot.test.autoconfigure.restdocs.RestDocsTestExecutionListener, org.springframework.boot.test.autoconfigure.web.client.MockRestServiceServerResetTestExecutionListener, org.springframework.boot.test.autoconfigure.web.servlet.MockMvcPrintOnlyOnFailureTestExecutionListener, org.springframework.boot.test.autoconfigure.web.servlet.WebDriverTestExecutionListener, org.springframework.boot.test.autoconfigure.webservices.client.MockWebServiceServerTestExecutionListener, org.springframework.boot.test.mock.mockito.MockitoTestExecutionListener, org.springframework.boot.test.mock.mockito.ResetMocksTestExecutionListener, org.springframework.test.context.web.ServletTestExecutionListener, org.springframework.test.context.support.DirtiesContextBeforeModesTestExecutionListener, org.springframework.test.context.support.DependencyInjectionTestExecutionListener, org.springframework.test.context.support.DirtiesContextTestExecutionListener, org.springframework.test.context.transaction.TransactionalTestExecutionListener, org.springframework.test.context.jdbc.SqlScriptsTestExecutionListener, org.springframework.test.context.event.EventPublishingTestExecutionListener]
2022-05-16 15:09:54.372  INFO 28123 --- [    Test worker] o.s.t.c.s.DefaultTestContextBootstrapper : Using TestExecutionListeners: [org.springframework.test.context.web.ServletTestExecutionListener@ec65602, org.springframework.test.context.support.DirtiesContextBeforeModesTestExecutionListener@1e07a5a8, org.springframework.boot.test.mock.mockito.MockitoTestExecutionListener@16d0ea4, org.springframework.test.context.support.DependencyInjectionTestExecutionListener@64e93dd1, org.springframework.test.context.support.DirtiesContextTestExecutionListener@58231108, org.springframework.test.context.transaction.TransactionalTestExecutionListener@7b2ad541, org.springframework.test.context.jdbc.SqlScriptsTestExecutionListener@125becae, org.springframework.security.test.context.support.WithSecurityContextTestExecutionListener@3ff15c81, org.springframework.test.context.event.EventPublishingTestExecutionListener@7f1ab126, org.springframework.security.test.context.support.ReactorContextTestExecutionListener@52b7f359, org.springframework.boot.test.autoconfigure.restdocs.RestDocsTestExecutionListener@1f444b3d, org.springframework.boot.test.autoconfigure.web.client.MockRestServiceServerResetTestExecutionListener@2a640900, org.springframework.boot.test.autoconfigure.web.servlet.MockMvcPrintOnlyOnFailureTestExecutionListener@dd1eeb, org.springframework.boot.test.autoconfigure.web.servlet.WebDriverTestExecutionListener@6d9d0892, org.springframework.boot.test.autoconfigure.webservices.client.MockWebServiceServerTestExecutionListener@50bdbbbf, org.springframework.boot.test.mock.mockito.ResetMocksTestExecutionListener@5a9b94a1]

  .   ____          _            __ _ _
 /\\ / ___'_ __ _ _(_)_ __  __ _ \ \ \ \
( ( )\___ | '_ | '_| | '_ \/ _` | \ \ \ \
 \\/  ___)| |_)| | | | | || (_| |  ) ) ) )
  '  |____| .__|_| |_|_| |_\__, | / / / /
 =========|_|==============|___/=/_/_/_/
 :: Spring Boot ::        (v2.3.2.RELEASE)

2022-05-16 15:09:54.411  INFO 28123 --- [    Test worker] c.t.b.bookshop.book.BookControllerTest   : Starting BookControllerTest on Abulassans-MacBook-Pro.local with PID 28123 (started by abulassan.athoughtworks.com in /Users/abulassan.athoughtworks.com/Bootcamp/Repo/batch-06-book-shop-demo-team-a)
2022-05-16 15:09:54.412  INFO 28123 --- [    Test worker] c.t.b.bookshop.book.BookControllerTest   : The following profiles are active: test
2022-05-16 15:09:55.454  INFO 28123 --- [    Test worker] o.s.s.web.DefaultSecurityFilterChain     : Creating filter chain: any request, [org.springframework.security.web.context.request.async.WebAsyncManagerIntegrationFilter@27e6ad3a, org.springframework.security.web.context.SecurityContextPersistenceFilter@822d38c, org.springframework.security.web.header.HeaderWriterFilter@6d502a24, org.springframework.web.filter.CorsFilter@c0b4d84, org.springframework.security.web.authentication.logout.LogoutFilter@6ce88e24, org.springframework.security.web.authentication.www.BasicAuthenticationFilter@75b0330d, org.springframework.security.web.savedrequest.RequestCacheAwareFilter@5a99e3a, org.springframework.security.web.servletapi.SecurityContextHolderAwareRequestFilter@69c485a1, org.springframework.security.web.authentication.AnonymousAuthenticationFilter@5c12b35c, org.springframework.security.web.session.SessionManagementFilter@31455a59, org.springframework.security.web.access.ExceptionTranslationFilter@1518af8, org.springframework.security.web.access.intercept.FilterSecurityInterceptor@556edb98]
2022-05-16 15:09:55.517  INFO 28123 --- [    Test worker] o.s.s.concurrent.ThreadPoolTaskExecutor  : Initializing ExecutorService 'applicationTaskExecutor'
2022-05-16 15:09:55.569  INFO 28123 --- [    Test worker] o.s.b.t.m.w.SpringBootMockServletContext : Initializing Spring TestDispatcherServlet ''
2022-05-16 15:09:55.569  INFO 28123 --- [    Test worker] o.s.t.web.servlet.TestDispatcherServlet  : Initializing Servlet ''
2022-05-16 15:09:55.574  INFO 28123 --- [    Test worker] o.s.t.web.servlet.TestDispatcherServlet  : Completed initialization in 5 ms
2022-05-16 15:09:55.587  INFO 28123 --- [    Test worker] c.t.b.bookshop.book.BookControllerTest   : Started BookControllerTest in 1.211 seconds (JVM running for 30.014)
]]></system-out>
  <system-err><![CDATA[]]></system-err>
</testsuite>
