<?xml version="1.0" encoding="UTF-8"?>
<testsuite name="com.tw.bootcamp.bookshop.book.BookControllerTest$BookList" tests="2" skipped="0" failures="0" errors="0" timestamp="2022-05-16T09:39:55" hostname="Abulassans-MacBook-Pro.local" time="0.024">
  <properties/>
  <testcase name="shouldListAllBooksWhenPresent()" classname="com.tw.bootcamp.bookshop.book.BookControllerTest$BookList" time="0.012"/>
  <testcase name="shouldBeEmptyListWhenNoBooksPresent()" classname="com.tw.bootcamp.bookshop.book.BookControllerTest$BookList" time="0.011"/>
  <system-out><![CDATA[2022-05-16 15:09:55.775  INFO 28123 --- [    Test worker] o.s.t.c.s.DefaultTestContextBootstrapper : Neither @ContextConfiguration nor @ContextHierarchy found for test class [com.tw.bootcamp.bookshop.book.BookControllerTest$BookList], using DelegatingSmartContextLoader
2022-05-16 15:09:55.776  INFO 28123 --- [    Test worker] o.s.t.c.support.AbstractContextLoader    : Could not detect default resource locations for test class [com.tw.bootcamp.bookshop.book.BookControllerTest$BookList]: no resource found for suffixes {-context.xml}.
2022-05-16 15:09:55.776  INFO 28123 --- [    Test worker] t.c.s.AnnotationConfigContextLoaderUtils : Could not detect default configuration classes for test class [com.tw.bootcamp.bookshop.book.BookControllerTest$BookList]: BookList does not declare any static, non-private, non-final, nested classes annotated with @Configuration.
2022-05-16 15:09:55.776  INFO 28123 --- [    Test worker] o.s.t.c.s.DefaultTestContextBootstrapper : Loaded default TestExecutionListener class names from location [META-INF/spring.factories]: [org.springframework.security.test.context.support.WithSecurityContextTestExecutionListener, org.springframework.security.test.context.support.ReactorContextTestExecutionListener, org.springframework.boot.test.autoconfigure.restdocs.RestDocsTestExecutionListener, org.springframework.boot.test.autoconfigure.web.client.MockRestServiceServerResetTestExecutionListener, org.springframework.boot.test.autoconfigure.web.servlet.MockMvcPrintOnlyOnFailureTestExecutionListener, org.springframework.boot.test.autoconfigure.web.servlet.WebDriverTestExecutionListener, org.springframework.boot.test.autoconfigure.webservices.client.MockWebServiceServerTestExecutionListener, org.springframework.boot.test.mock.mockito.MockitoTestExecutionListener, org.springframework.boot.test.mock.mockito.ResetMocksTestExecutionListener, org.springframework.test.context.web.ServletTestExecutionListener, org.springframework.test.context.support.DirtiesContextBeforeModesTestExecutionListener, org.springframework.test.context.support.DependencyInjectionTestExecutionListener, org.springframework.test.context.support.DirtiesContextTestExecutionListener, org.springframework.test.context.transaction.TransactionalTestExecutionListener, org.springframework.test.context.jdbc.SqlScriptsTestExecutionListener, org.springframework.test.context.event.EventPublishingTestExecutionListener]
2022-05-16 15:09:55.777  INFO 28123 --- [    Test worker] o.s.t.c.s.DefaultTestContextBootstrapper : Using TestExecutionListeners: [org.springframework.test.context.web.ServletTestExecutionListener@7ac485d6, org.springframework.test.context.support.DirtiesContextBeforeModesTestExecutionListener@79ad2ae9, org.springframework.boot.test.mock.mockito.MockitoTestExecutionListener@6eab3224, org.springframework.test.context.support.DependencyInjectionTestExecutionListener@7386ff0e, org.springframework.test.context.support.DirtiesContextTestExecutionListener@2db22e9d, org.springframework.test.context.transaction.TransactionalTestExecutionListener@3d58a3a0, org.springframework.test.context.jdbc.SqlScriptsTestExecutionListener@a559c3d, org.springframework.security.test.context.support.WithSecurityContextTestExecutionListener@4e6f7cf6, org.springframework.test.context.event.EventPublishingTestExecutionListener@72956560, org.springframework.security.test.context.support.ReactorContextTestExecutionListener@aa89d31, org.springframework.boot.test.autoconfigure.restdocs.RestDocsTestExecutionListener@2c3a4c2d, org.springframework.boot.test.autoconfigure.web.client.MockRestServiceServerResetTestExecutionListener@19071d90, org.springframework.boot.test.autoconfigure.web.servlet.MockMvcPrintOnlyOnFailureTestExecutionListener@40e0c5b5, org.springframework.boot.test.autoconfigure.web.servlet.WebDriverTestExecutionListener@e6f998d, org.springframework.boot.test.autoconfigure.webservices.client.MockWebServiceServerTestExecutionListener@704af749, org.springframework.boot.test.mock.mockito.ResetMocksTestExecutionListener@51809f4d]
]]></system-out>
  <system-err><![CDATA[]]></system-err>
</testsuite>
