<?xml version="1.0" encoding="UTF-8"?>
<testsuite name="com.tw.bootcamp.bookshop.book.BookServiceTest$BookSearch" tests="2" skipped="0" failures="0" errors="0" timestamp="2022-05-16T09:39:56" hostname="Abulassans-MacBook-Pro.local" time="0.061">
  <properties/>
  <testcase name="shouldFetchAllBooksWhenBookInfoMatchWithBookNameOrAuthorName()" classname="com.tw.bootcamp.bookshop.book.BookServiceTest$BookSearch" time="0.04"/>
  <testcase name="shouldNoBookWhenBookInfoIsNotMatchingWithBookNameOrAuthorName()" classname="com.tw.bootcamp.bookshop.book.BookServiceTest$BookSearch" time="0.019"/>
  <system-out><![CDATA[2022-05-16 15:09:56.049  INFO 28123 --- [    Test worker] o.s.t.c.s.DefaultTestContextBootstrapper : Neither @ContextConfiguration nor @ContextHierarchy found for test class [com.tw.bootcamp.bookshop.book.BookServiceTest$BookSearch], using DelegatingSmartContextLoader
2022-05-16 15:09:56.050  INFO 28123 --- [    Test worker] o.s.t.c.support.AbstractContextLoader    : Could not detect default resource locations for test class [com.tw.bootcamp.bookshop.book.BookServiceTest$BookSearch]: no resource found for suffixes {-context.xml}.
2022-05-16 15:09:56.050  INFO 28123 --- [    Test worker] t.c.s.AnnotationConfigContextLoaderUtils : Could not detect default configuration classes for test class [com.tw.bootcamp.bookshop.book.BookServiceTest$BookSearch]: BookSearch does not declare any static, non-private, non-final, nested classes annotated with @Configuration.
2022-05-16 15:09:56.051  INFO 28123 --- [    Test worker] o.s.t.c.s.DefaultTestContextBootstrapper : Loaded default TestExecutionListener class names from location [META-INF/spring.factories]: [org.springframework.security.test.context.support.WithSecurityContextTestExecutionListener, org.springframework.security.test.context.support.ReactorContextTestExecutionListener, org.springframework.boot.test.autoconfigure.restdocs.RestDocsTestExecutionListener, org.springframework.boot.test.autoconfigure.web.client.MockRestServiceServerResetTestExecutionListener, org.springframework.boot.test.autoconfigure.web.servlet.MockMvcPrintOnlyOnFailureTestExecutionListener, org.springframework.boot.test.autoconfigure.web.servlet.WebDriverTestExecutionListener, org.springframework.boot.test.autoconfigure.webservices.client.MockWebServiceServerTestExecutionListener, org.springframework.boot.test.mock.mockito.MockitoTestExecutionListener, org.springframework.boot.test.mock.mockito.ResetMocksTestExecutionListener, org.springframework.test.context.web.ServletTestExecutionListener, org.springframework.test.context.support.DirtiesContextBeforeModesTestExecutionListener, org.springframework.test.context.support.DependencyInjectionTestExecutionListener, org.springframework.test.context.support.DirtiesContextTestExecutionListener, org.springframework.test.context.transaction.TransactionalTestExecutionListener, org.springframework.test.context.jdbc.SqlScriptsTestExecutionListener, org.springframework.test.context.event.EventPublishingTestExecutionListener]
2022-05-16 15:09:56.052  INFO 28123 --- [    Test worker] o.s.t.c.s.DefaultTestContextBootstrapper : Using TestExecutionListeners: [org.springframework.test.context.web.ServletTestExecutionListener@3f95e696, org.springframework.test.context.support.DirtiesContextBeforeModesTestExecutionListener@5b73b285, org.springframework.boot.test.mock.mockito.MockitoTestExecutionListener@3c5dacc3, org.springframework.test.context.support.DependencyInjectionTestExecutionListener@18e1bb3, org.springframework.test.context.support.DirtiesContextTestExecutionListener@11bffc42, org.springframework.test.context.transaction.TransactionalTestExecutionListener@579e836a, org.springframework.test.context.jdbc.SqlScriptsTestExecutionListener@67416ee, org.springframework.security.test.context.support.WithSecurityContextTestExecutionListener@77d6c610, org.springframework.test.context.event.EventPublishingTestExecutionListener@19656944, org.springframework.security.test.context.support.ReactorContextTestExecutionListener@3ac33cd1, org.springframework.boot.test.autoconfigure.restdocs.RestDocsTestExecutionListener@1ca69e01, org.springframework.boot.test.autoconfigure.web.client.MockRestServiceServerResetTestExecutionListener@5d012dc3, org.springframework.boot.test.autoconfigure.web.servlet.MockMvcPrintOnlyOnFailureTestExecutionListener@6f1c506e, org.springframework.boot.test.autoconfigure.web.servlet.WebDriverTestExecutionListener@4c1adce8, org.springframework.boot.test.autoconfigure.webservices.client.MockWebServiceServerTestExecutionListener@64e405fc, org.springframework.boot.test.mock.mockito.ResetMocksTestExecutionListener@305f5396]
]]></system-out>
  <system-err><![CDATA[]]></system-err>
</testsuite>
