<?xml version="1.0" encoding="UTF-8"?>
<testsuite name="com.tw.bootcamp.bookshop.book.BookServiceTest$ViewBookDetails" tests="3" skipped="0" failures="0" errors="0" timestamp="2022-05-16T09:39:55" hostname="Abulassans-MacBook-Pro.local" time="0.108">
  <properties/>
  <testcase name="shouldNotDisplayBookDetailsWhenBookIsNotFound()" classname="com.tw.bootcamp.bookshop.book.BookServiceTest$ViewBookDetails" time="0.049"/>
  <testcase name="shouldFetchBookDetailsWithReviewsWhenBookIsAvailableAndReviewsAdded()" classname="com.tw.bootcamp.bookshop.book.BookServiceTest$ViewBookDetails" time="0.036"/>
  <testcase name="shouldFetchBookDetailsWhenBookIsAvailable()" classname="com.tw.bootcamp.bookshop.book.BookServiceTest$ViewBookDetails" time="0.02"/>
  <system-out><![CDATA[2022-05-16 15:09:55.817  INFO 28123 --- [    Test worker] o.s.t.c.s.DefaultTestContextBootstrapper : Neither @ContextConfiguration nor @ContextHierarchy found for test class [com.tw.bootcamp.bookshop.book.BookServiceTest$ViewBookDetails], using DelegatingSmartContextLoader
2022-05-16 15:09:55.817  INFO 28123 --- [    Test worker] o.s.t.c.support.AbstractContextLoader    : Could not detect default resource locations for test class [com.tw.bootcamp.bookshop.book.BookServiceTest$ViewBookDetails]: no resource found for suffixes {-context.xml}.
2022-05-16 15:09:55.817  INFO 28123 --- [    Test worker] t.c.s.AnnotationConfigContextLoaderUtils : Could not detect default configuration classes for test class [com.tw.bootcamp.bookshop.book.BookServiceTest$ViewBookDetails]: ViewBookDetails does not declare any static, non-private, non-final, nested classes annotated with @Configuration.
2022-05-16 15:09:55.818  INFO 28123 --- [    Test worker] o.s.t.c.s.DefaultTestContextBootstrapper : Loaded default TestExecutionListener class names from location [META-INF/spring.factories]: [org.springframework.security.test.context.support.WithSecurityContextTestExecutionListener, org.springframework.security.test.context.support.ReactorContextTestExecutionListener, org.springframework.boot.test.autoconfigure.restdocs.RestDocsTestExecutionListener, org.springframework.boot.test.autoconfigure.web.client.MockRestServiceServerResetTestExecutionListener, org.springframework.boot.test.autoconfigure.web.servlet.MockMvcPrintOnlyOnFailureTestExecutionListener, org.springframework.boot.test.autoconfigure.web.servlet.WebDriverTestExecutionListener, org.springframework.boot.test.autoconfigure.webservices.client.MockWebServiceServerTestExecutionListener, org.springframework.boot.test.mock.mockito.MockitoTestExecutionListener, org.springframework.boot.test.mock.mockito.ResetMocksTestExecutionListener, org.springframework.test.context.web.ServletTestExecutionListener, org.springframework.test.context.support.DirtiesContextBeforeModesTestExecutionListener, org.springframework.test.context.support.DependencyInjectionTestExecutionListener, org.springframework.test.context.support.DirtiesContextTestExecutionListener, org.springframework.test.context.transaction.TransactionalTestExecutionListener, org.springframework.test.context.jdbc.SqlScriptsTestExecutionListener, org.springframework.test.context.event.EventPublishingTestExecutionListener]
2022-05-16 15:09:55.819  INFO 28123 --- [    Test worker] o.s.t.c.s.DefaultTestContextBootstrapper : Using TestExecutionListeners: [org.springframework.test.context.web.ServletTestExecutionListener@5537f668, org.springframework.test.context.support.DirtiesContextBeforeModesTestExecutionListener@650f5195, org.springframework.boot.test.mock.mockito.MockitoTestExecutionListener@60cd3378, org.springframework.test.context.support.DependencyInjectionTestExecutionListener@76df31b1, org.springframework.test.context.support.DirtiesContextTestExecutionListener@1cb10db4, org.springframework.test.context.transaction.TransactionalTestExecutionListener@3ad644e, org.springframework.test.context.jdbc.SqlScriptsTestExecutionListener@af2c1b0, org.springframework.security.test.context.support.WithSecurityContextTestExecutionListener@52f2be6, org.springframework.test.context.event.EventPublishingTestExecutionListener@11e74a5a, org.springframework.security.test.context.support.ReactorContextTestExecutionListener@7900c33c, org.springframework.boot.test.autoconfigure.restdocs.RestDocsTestExecutionListener@656362ed, org.springframework.boot.test.autoconfigure.web.client.MockRestServiceServerResetTestExecutionListener@19ef05bc, org.springframework.boot.test.autoconfigure.web.servlet.MockMvcPrintOnlyOnFailureTestExecutionListener@32f13941, org.springframework.boot.test.autoconfigure.web.servlet.WebDriverTestExecutionListener@4d170500, org.springframework.boot.test.autoconfigure.webservices.client.MockWebServiceServerTestExecutionListener@331d6245, org.springframework.boot.test.mock.mockito.ResetMocksTestExecutionListener@523e537f]
]]></system-out>
  <system-err><![CDATA[]]></system-err>
</testsuite>
