<?xml version="1.0" encoding="UTF-8"?>
<testsuite name="com.tw.bootcamp.bookshop.order.OrderServiceTest" tests="0" skipped="0" failures="0" errors="0" timestamp="1970-01-01T00:00:00" hostname="Abulassans-MacBook-Pro.local" time="0.0">
  <properties/>
  <system-out><![CDATA[15:09:29.088 [Test worker] DEBUG org.springframework.test.context.BootstrapUtils - Instantiating CacheAwareContextLoaderDelegate from class [org.springframework.test.context.cache.DefaultCacheAwareContextLoaderDelegate]
15:09:29.131 [Test worker] DEBUG org.springframework.test.context.BootstrapUtils - Instantiating BootstrapContext using constructor [public org.springframework.test.context.support.DefaultBootstrapContext(java.lang.Class,org.springframework.test.context.CacheAwareContextLoaderDelegate)]
15:09:29.238 [Test worker] DEBUG org.springframework.test.context.BootstrapUtils - Instantiating TestContextBootstrapper for test class [com.tw.bootcamp.bookshop.order.OrderServiceTest] from class [org.springframework.boot.test.context.SpringBootTestContextBootstrapper]
15:09:29.288 [Test worker] INFO org.springframework.boot.test.context.SpringBootTestContextBootstrapper - Neither @ContextConfiguration nor @ContextHierarchy found for test class [com.tw.bootcamp.bookshop.order.OrderServiceTest], using SpringBootContextLoader
15:09:29.299 [Test worker] DEBUG org.springframework.test.context.support.AbstractContextLoader - Did not detect default resource location for test class [com.tw.bootcamp.bookshop.order.OrderServiceTest]: class path resource [com/tw/bootcamp/bookshop/order/OrderServiceTest-context.xml] does not exist
15:09:29.299 [Test worker] DEBUG org.springframework.test.context.support.AbstractContextLoader - Did not detect default resource location for test class [com.tw.bootcamp.bookshop.order.OrderServiceTest]: class path resource [com/tw/bootcamp/bookshop/order/OrderServiceTestContext.groovy] does not exist
15:09:29.300 [Test worker] INFO org.springframework.test.context.support.AbstractContextLoader - Could not detect default resource locations for test class [com.tw.bootcamp.bookshop.order.OrderServiceTest]: no resource found for suffixes {-context.xml, Context.groovy}.
15:09:29.301 [Test worker] DEBUG org.springframework.test.context.support.AnnotationConfigContextLoaderUtils - Ignoring class [com.tw.bootcamp.bookshop.order.OrderServiceTest$ViewOrders]; it must be static, non-private, non-final, and annotated with @Configuration to be considered a default configuration class.
15:09:29.301 [Test worker] DEBUG org.springframework.test.context.support.AnnotationConfigContextLoaderUtils - Ignoring class [com.tw.bootcamp.bookshop.order.OrderServiceTest$Orders]; it must be static, non-private, non-final, and annotated with @Configuration to be considered a default configuration class.
15:09:29.302 [Test worker] INFO org.springframework.test.context.support.AnnotationConfigContextLoaderUtils - Could not detect default configuration classes for test class [com.tw.bootcamp.bookshop.order.OrderServiceTest]: OrderServiceTest does not declare any static, non-private, non-final, nested classes annotated with @Configuration.
15:09:29.494 [Test worker] DEBUG org.springframework.test.context.support.ActiveProfilesUtils - Could not find an 'annotation declaring class' for annotation type [org.springframework.test.context.ActiveProfiles] and class [com.tw.bootcamp.bookshop.order.OrderServiceTest]
15:09:29.848 [Test worker] DEBUG org.springframework.context.annotation.ClassPathScanningCandidateComponentProvider - Identified candidate component class: file [/Users/abulassan.athoughtworks.com/Bootcamp/Repo/batch-06-book-shop-demo-team-a/build/classes/java/main/com/tw/bootcamp/bookshop/BookshopApplication.class]
15:09:29.851 [Test worker] INFO org.springframework.boot.test.context.SpringBootTestContextBootstrapper - Found @SpringBootConfiguration com.tw.bootcamp.bookshop.BookshopApplication for test class com.tw.bootcamp.bookshop.order.OrderServiceTest
15:09:30.064 [Test worker] DEBUG org.springframework.boot.test.context.SpringBootTestContextBootstrapper - @TestExecutionListeners is not present for class [com.tw.bootcamp.bookshop.order.OrderServiceTest]: using defaults.
15:09:30.066 [Test worker] INFO org.springframework.boot.test.context.SpringBootTestContextBootstrapper - Loaded default TestExecutionListener class names from location [META-INF/spring.factories]: [org.springframework.security.test.context.support.WithSecurityContextTestExecutionListener, org.springframework.security.test.context.support.ReactorContextTestExecutionListener, org.springframework.boot.test.autoconfigure.restdocs.RestDocsTestExecutionListener, org.springframework.boot.test.autoconfigure.web.client.MockRestServiceServerResetTestExecutionListener, org.springframework.boot.test.autoconfigure.web.servlet.MockMvcPrintOnlyOnFailureTestExecutionListener, org.springframework.boot.test.autoconfigure.web.servlet.WebDriverTestExecutionListener, org.springframework.boot.test.autoconfigure.webservices.client.MockWebServiceServerTestExecutionListener, org.springframework.boot.test.mock.mockito.MockitoTestExecutionListener, org.springframework.boot.test.mock.mockito.ResetMocksTestExecutionListener, org.springframework.test.context.web.ServletTestExecutionListener, org.springframework.test.context.support.DirtiesContextBeforeModesTestExecutionListener, org.springframework.test.context.support.DependencyInjectionTestExecutionListener, org.springframework.test.context.support.DirtiesContextTestExecutionListener, org.springframework.test.context.transaction.TransactionalTestExecutionListener, org.springframework.test.context.jdbc.SqlScriptsTestExecutionListener, org.springframework.test.context.event.EventPublishingTestExecutionListener]
15:09:30.110 [Test worker] INFO org.springframework.boot.test.context.SpringBootTestContextBootstrapper - Using TestExecutionListeners: [org.springframework.test.context.web.ServletTestExecutionListener@6e2f9fc4, org.springframework.test.context.support.DirtiesContextBeforeModesTestExecutionListener@6db27be, org.springframework.boot.test.mock.mockito.MockitoTestExecutionListener@2c089965, org.springframework.boot.test.autoconfigure.SpringBootDependencyInjectionTestExecutionListener@6c89d11e, org.springframework.test.context.support.DirtiesContextTestExecutionListener@7e4ab2f4, org.springframework.test.context.transaction.TransactionalTestExecutionListener@21f38c54, org.springframework.test.context.jdbc.SqlScriptsTestExecutionListener@49d8fabe, org.springframework.security.test.context.support.WithSecurityContextTestExecutionListener@6bfbc3ba, org.springframework.test.context.event.EventPublishingTestExecutionListener@400d1123, org.springframework.security.test.context.support.ReactorContextTestExecutionListener@7d21b45a, org.springframework.boot.test.autoconfigure.restdocs.RestDocsTestExecutionListener@7322bc4a, org.springframework.boot.test.autoconfigure.web.client.MockRestServiceServerResetTestExecutionListener@46f14787, org.springframework.boot.test.autoconfigure.web.servlet.MockMvcPrintOnlyOnFailureTestExecutionListener@6eddc273, org.springframework.boot.test.autoconfigure.web.servlet.WebDriverTestExecutionListener@1e2e3896, org.springframework.boot.test.autoconfigure.webservices.client.MockWebServiceServerTestExecutionListener@788807f5, org.springframework.boot.test.mock.mockito.ResetMocksTestExecutionListener@3489aa1c]
15:09:30.117 [Test worker] DEBUG org.springframework.test.context.support.AbstractDirtiesContextTestExecutionListener - Before test class: context [DefaultTestContext@21435c12 testClass = OrderServiceTest, testInstance = [null], testMethod = [null], testException = [null], mergedContextConfiguration = [WebMergedContextConfiguration@5e18a780 testClass = OrderServiceTest, locations = '{}', classes = '{class com.tw.bootcamp.bookshop.BookshopApplication}', contextInitializerClasses = '[]', activeProfiles = '{}', propertySourceLocations = '{}', propertySourceProperties = '{org.springframework.boot.test.context.SpringBootTestContextBootstrapper=true}', contextCustomizers = set[org.springframework.boot.test.autoconfigure.properties.PropertyMappingContextCustomizer@0, org.springframework.boot.test.autoconfigure.web.servlet.WebDriverContextCustomizerFactory$Customizer@4edf6f4e, org.springframework.boot.test.context.filter.ExcludeFilterContextCustomizer@2e600241, org.springframework.boot.test.json.DuplicateJsonObjectContextCustomizerFactory$DuplicateJsonObjectContextCustomizer@51f4ed94, org.springframework.boot.test.mock.mockito.MockitoContextCustomizer@0, org.springframework.boot.test.web.client.TestRestTemplateContextCustomizer@15f84627, org.springframework.boot.test.context.SpringBootTestArgs@1], resourceBasePath = 'src/main/webapp', contextLoader = 'org.springframework.boot.test.context.SpringBootContextLoader', parent = [null]], attributes = map['org.springframework.test.context.web.ServletTestExecutionListener.activateListener' -> true]], class annotated with @DirtiesContext [false] with mode [null].
]]></system-out>
  <system-err><![CDATA[]]></system-err>
</testsuite>
