<?xml version="1.0" encoding="UTF-8"?>
<testsuite name="com.tw.bootcamp.bookshop.order.OrderControllerTest" tests="5" skipped="0" failures="0" errors="0" timestamp="2022-05-16T09:39:49" hostname="Abulassans-MacBook-Pro.local" time="0.404">
  <properties/>
  <testcase name="shouldThrowAnExceptionWhenStartDateIsAfterEndDate()" classname="com.tw.bootcamp.bookshop.order.OrderControllerTest" time="0.261"/>
  <testcase name="shouldListAllOrdersWhenDateRangeIsGiven()" classname="com.tw.bootcamp.bookshop.order.OrderControllerTest" time="0.073"/>
  <testcase name="shouldThrowAnExceptionWhenStartDateIsAfterCurrentDate()" classname="com.tw.bootcamp.bookshop.order.OrderControllerTest" time="0.017"/>
  <testcase name="shouldListAllOrdersWhenDateRangeIsNotGiven()" classname="com.tw.bootcamp.bookshop.order.OrderControllerTest" time="0.017"/>
  <testcase name="shouldThrowAnExceptionWhenEndDateIsAfterCurrentDate()" classname="com.tw.bootcamp.bookshop.order.OrderControllerTest" time="0.016"/>
  <system-out><![CDATA[2022-05-16 15:09:46.515  INFO 28123 --- [    Test worker] .b.t.a.w.s.WebMvcTestContextBootstrapper : Neither @ContextConfiguration nor @ContextHierarchy found for test class [com.tw.bootcamp.bookshop.order.OrderControllerTest], using SpringBootContextLoader
2022-05-16 15:09:46.518  INFO 28123 --- [    Test worker] o.s.t.c.support.AbstractContextLoader    : Could not detect default resource locations for test class [com.tw.bootcamp.bookshop.order.OrderControllerTest]: no resource found for suffixes {-context.xml, Context.groovy}.
2022-05-16 15:09:46.518  INFO 28123 --- [    Test worker] t.c.s.AnnotationConfigContextLoaderUtils : Could not detect default configuration classes for test class [com.tw.bootcamp.bookshop.order.OrderControllerTest]: OrderControllerTest does not declare any static, non-private, non-final, nested classes annotated with @Configuration.
2022-05-16 15:09:46.576  INFO 28123 --- [    Test worker] .b.t.c.SpringBootTestContextBootstrapper : Found @SpringBootConfiguration com.tw.bootcamp.bookshop.BookshopApplication for test class com.tw.bootcamp.bookshop.order.OrderControllerTest
2022-05-16 15:09:46.579  INFO 28123 --- [    Test worker] .b.t.a.w.s.WebMvcTestContextBootstrapper : Loaded default TestExecutionListener class names from location [META-INF/spring.factories]: [org.springframework.security.test.context.support.WithSecurityContextTestExecutionListener, org.springframework.security.test.context.support.ReactorContextTestExecutionListener, org.springframework.boot.test.autoconfigure.restdocs.RestDocsTestExecutionListener, org.springframework.boot.test.autoconfigure.web.client.MockRestServiceServerResetTestExecutionListener, org.springframework.boot.test.autoconfigure.web.servlet.MockMvcPrintOnlyOnFailureTestExecutionListener, org.springframework.boot.test.autoconfigure.web.servlet.WebDriverTestExecutionListener, org.springframework.boot.test.autoconfigure.webservices.client.MockWebServiceServerTestExecutionListener, org.springframework.boot.test.mock.mockito.MockitoTestExecutionListener, org.springframework.boot.test.mock.mockito.ResetMocksTestExecutionListener, org.springframework.test.context.web.ServletTestExecutionListener, org.springframework.test.context.support.DirtiesContextBeforeModesTestExecutionListener, org.springframework.test.context.support.DependencyInjectionTestExecutionListener, org.springframework.test.context.support.DirtiesContextTestExecutionListener, org.springframework.test.context.transaction.TransactionalTestExecutionListener, org.springframework.test.context.jdbc.SqlScriptsTestExecutionListener, org.springframework.test.context.event.EventPublishingTestExecutionListener]
2022-05-16 15:09:46.580  INFO 28123 --- [    Test worker] .b.t.a.w.s.WebMvcTestContextBootstrapper : Using TestExecutionListeners: [org.springframework.test.context.web.ServletTestExecutionListener@55e85f7, org.springframework.test.context.support.DirtiesContextBeforeModesTestExecutionListener@5eb5cd6c, org.springframework.boot.test.mock.mockito.MockitoTestExecutionListener@a36e370, org.springframework.boot.test.autoconfigure.SpringBootDependencyInjectionTestExecutionListener@7d6c3701, org.springframework.test.context.support.DirtiesContextTestExecutionListener@cec6466, org.springframework.test.context.transaction.TransactionalTestExecutionListener@7c42163a, org.springframework.test.context.jdbc.SqlScriptsTestExecutionListener@415257a1, org.springframework.security.test.context.support.WithSecurityContextTestExecutionListener@5d1ab4b5, org.springframework.test.context.event.EventPublishingTestExecutionListener@32ba3424, org.springframework.security.test.context.support.ReactorContextTestExecutionListener@5e25178f, org.springframework.boot.test.autoconfigure.restdocs.RestDocsTestExecutionListener@d19bcb5, org.springframework.boot.test.autoconfigure.web.client.MockRestServiceServerResetTestExecutionListener@5ae1ebf, org.springframework.boot.test.autoconfigure.web.servlet.MockMvcPrintOnlyOnFailureTestExecutionListener@66d6113a, org.springframework.boot.test.autoconfigure.web.servlet.WebDriverTestExecutionListener@10b9eb00, org.springframework.boot.test.autoconfigure.webservices.client.MockWebServiceServerTestExecutionListener@508511b6, org.springframework.boot.test.mock.mockito.ResetMocksTestExecutionListener@25aba6ff]

  .   ____          _            __ _ _
 /\\ / ___'_ __ _ _(_)_ __  __ _ \ \ \ \
( ( )\___ | '_ | '_| | '_ \/ _` | \ \ \ \
 \\/  ___)| |_)| | | | | || (_| |  ) ) ) )
  '  |____| .__|_| |_|_| |_\__, | / / / /
 =========|_|==============|___/=/_/_/_/
 :: Spring Boot ::        (v2.3.2.RELEASE)

2022-05-16 15:09:46.702  INFO 28123 --- [    Test worker] c.t.b.b.order.OrderControllerTest        : Starting OrderControllerTest on Abulassans-MacBook-Pro.local with PID 28123 (started by abulassan.athoughtworks.com in /Users/abulassan.athoughtworks.com/Bootcamp/Repo/batch-06-book-shop-demo-team-a)
2022-05-16 15:09:46.703  INFO 28123 --- [    Test worker] c.t.b.b.order.OrderControllerTest        : The following profiles are active: test
2022-05-16 15:09:48.555  INFO 28123 --- [    Test worker] o.s.s.web.DefaultSecurityFilterChain     : Creating filter chain: any request, [org.springframework.security.web.context.request.async.WebAsyncManagerIntegrationFilter@cb1bd01, org.springframework.security.web.context.SecurityContextPersistenceFilter@513523c1, org.springframework.security.web.header.HeaderWriterFilter@6099b4ca, org.springframework.web.filter.CorsFilter@339c3b0e, org.springframework.security.web.authentication.logout.LogoutFilter@5897ab09, org.springframework.security.web.authentication.www.BasicAuthenticationFilter@5897b4fa, org.springframework.security.web.savedrequest.RequestCacheAwareFilter@d97b8b9, org.springframework.security.web.servletapi.SecurityContextHolderAwareRequestFilter@20057225, org.springframework.security.web.authentication.AnonymousAuthenticationFilter@71ad1431, org.springframework.security.web.session.SessionManagementFilter@398728c6, org.springframework.security.web.access.ExceptionTranslationFilter@67477721, org.springframework.security.web.access.intercept.FilterSecurityInterceptor@73969b54]
2022-05-16 15:09:48.720  INFO 28123 --- [    Test worker] o.s.s.concurrent.ThreadPoolTaskExecutor  : Initializing ExecutorService 'applicationTaskExecutor'
2022-05-16 15:09:48.946  INFO 28123 --- [    Test worker] o.s.b.t.m.w.SpringBootMockServletContext : Initializing Spring TestDispatcherServlet ''
2022-05-16 15:09:48.947  INFO 28123 --- [    Test worker] o.s.t.web.servlet.TestDispatcherServlet  : Initializing Servlet ''
2022-05-16 15:09:48.974  INFO 28123 --- [    Test worker] o.s.t.web.servlet.TestDispatcherServlet  : Completed initialization in 27 ms
2022-05-16 15:09:49.017  INFO 28123 --- [    Test worker] c.t.b.b.order.OrderControllerTest        : Started OrderControllerTest in 2.422 seconds (JVM running for 23.443)
]]></system-out>
  <system-err><![CDATA[]]></system-err>
</testsuite>
