<?xml version="1.0" encoding="UTF-8"?>
<testsuite name="com.tw.bootcamp.bookshop.user.UserControllerTest" tests="4" skipped="0" failures="0" errors="0" timestamp="2022-05-16T09:39:50" hostname="Abulassans-MacBook-Pro.local" time="0.471">
  <properties/>
  <testcase name="shouldUpdateWhenValid()" classname="com.tw.bootcamp.bookshop.user.UserControllerTest" time="0.136"/>
  <testcase name="shouldRespondWithErrorMessageWhenCreateUserFails()" classname="com.tw.bootcamp.bookshop.user.UserControllerTest" time="0.073"/>
  <testcase name="shouldCreateUserWhenCredentialsAreValid()" classname="com.tw.bootcamp.bookshop.user.UserControllerTest" time="0.126"/>
  <testcase name="shouldRespondWithErrorMessageWhenCreateUserValidationFails()" classname="com.tw.bootcamp.bookshop.user.UserControllerTest" time="0.127"/>
  <system-out><![CDATA[2022-05-16 15:09:49.528  INFO 28123 --- [    Test worker] .b.t.a.w.s.WebMvcTestContextBootstrapper : Neither @ContextConfiguration nor @ContextHierarchy found for test class [com.tw.bootcamp.bookshop.user.UserControllerTest], using SpringBootContextLoader
2022-05-16 15:09:49.530  INFO 28123 --- [    Test worker] o.s.t.c.support.AbstractContextLoader    : Could not detect default resource locations for test class [com.tw.bootcamp.bookshop.user.UserControllerTest]: no resource found for suffixes {-context.xml, Context.groovy}.
2022-05-16 15:09:49.531  INFO 28123 --- [    Test worker] t.c.s.AnnotationConfigContextLoaderUtils : Could not detect default configuration classes for test class [com.tw.bootcamp.bookshop.user.UserControllerTest]: UserControllerTest does not declare any static, non-private, non-final, nested classes annotated with @Configuration.
2022-05-16 15:09:49.561  INFO 28123 --- [    Test worker] .b.t.c.SpringBootTestContextBootstrapper : Found @SpringBootConfiguration com.tw.bootcamp.bookshop.BookshopApplication for test class com.tw.bootcamp.bookshop.user.UserControllerTest
2022-05-16 15:09:49.562  INFO 28123 --- [    Test worker] .b.t.a.w.s.WebMvcTestContextBootstrapper : Loaded default TestExecutionListener class names from location [META-INF/spring.factories]: [org.springframework.security.test.context.support.WithSecurityContextTestExecutionListener, org.springframework.security.test.context.support.ReactorContextTestExecutionListener, org.springframework.boot.test.autoconfigure.restdocs.RestDocsTestExecutionListener, org.springframework.boot.test.autoconfigure.web.client.MockRestServiceServerResetTestExecutionListener, org.springframework.boot.test.autoconfigure.web.servlet.MockMvcPrintOnlyOnFailureTestExecutionListener, org.springframework.boot.test.autoconfigure.web.servlet.WebDriverTestExecutionListener, org.springframework.boot.test.autoconfigure.webservices.client.MockWebServiceServerTestExecutionListener, org.springframework.boot.test.mock.mockito.MockitoTestExecutionListener, org.springframework.boot.test.mock.mockito.ResetMocksTestExecutionListener, org.springframework.test.context.web.ServletTestExecutionListener, org.springframework.test.context.support.DirtiesContextBeforeModesTestExecutionListener, org.springframework.test.context.support.DependencyInjectionTestExecutionListener, org.springframework.test.context.support.DirtiesContextTestExecutionListener, org.springframework.test.context.transaction.TransactionalTestExecutionListener, org.springframework.test.context.jdbc.SqlScriptsTestExecutionListener, org.springframework.test.context.event.EventPublishingTestExecutionListener]
2022-05-16 15:09:49.564  INFO 28123 --- [    Test worker] .b.t.a.w.s.WebMvcTestContextBootstrapper : Using TestExecutionListeners: [org.springframework.test.context.web.ServletTestExecutionListener@3f178380, org.springframework.test.context.support.DirtiesContextBeforeModesTestExecutionListener@31ad1eb7, org.springframework.boot.test.mock.mockito.MockitoTestExecutionListener@12788ff3, org.springframework.boot.test.autoconfigure.SpringBootDependencyInjectionTestExecutionListener@b39dba7, org.springframework.test.context.support.DirtiesContextTestExecutionListener@8b142c3, org.springframework.test.context.transaction.TransactionalTestExecutionListener@51b0bdc4, org.springframework.test.context.jdbc.SqlScriptsTestExecutionListener@7e1a716, org.springframework.security.test.context.support.WithSecurityContextTestExecutionListener@4240a0ae, org.springframework.test.context.event.EventPublishingTestExecutionListener@4065557f, org.springframework.security.test.context.support.ReactorContextTestExecutionListener@14ef8e2a, org.springframework.boot.test.autoconfigure.restdocs.RestDocsTestExecutionListener@1e3c42b6, org.springframework.boot.test.autoconfigure.web.client.MockRestServiceServerResetTestExecutionListener@593ed40f, org.springframework.boot.test.autoconfigure.web.servlet.MockMvcPrintOnlyOnFailureTestExecutionListener@331abcfa, org.springframework.boot.test.autoconfigure.web.servlet.WebDriverTestExecutionListener@5becea6d, org.springframework.boot.test.autoconfigure.webservices.client.MockWebServiceServerTestExecutionListener@27392a54, org.springframework.boot.test.mock.mockito.ResetMocksTestExecutionListener@8081c10]

  .   ____          _            __ _ _
 /\\ / ___'_ __ _ _(_)_ __  __ _ \ \ \ \
( ( )\___ | '_ | '_| | '_ \/ _` | \ \ \ \
 \\/  ___)| |_)| | | | | || (_| |  ) ) ) )
  '  |____| .__|_| |_|_| |_\__, | / / / /
 =========|_|==============|___/=/_/_/_/
 :: Spring Boot ::        (v2.3.2.RELEASE)

2022-05-16 15:09:49.637  INFO 28123 --- [    Test worker] c.t.b.bookshop.user.UserControllerTest   : Starting UserControllerTest on Abulassans-MacBook-Pro.local with PID 28123 (started by abulassan.athoughtworks.com in /Users/abulassan.athoughtworks.com/Bootcamp/Repo/batch-06-book-shop-demo-team-a)
2022-05-16 15:09:49.638  INFO 28123 --- [    Test worker] c.t.b.bookshop.user.UserControllerTest   : The following profiles are active: test
2022-05-16 15:09:50.612  INFO 28123 --- [    Test worker] o.s.s.web.DefaultSecurityFilterChain     : Creating filter chain: any request, [org.springframework.security.web.context.request.async.WebAsyncManagerIntegrationFilter@2947db91, org.springframework.security.web.context.SecurityContextPersistenceFilter@4f1d0404, org.springframework.security.web.header.HeaderWriterFilter@605f5d17, org.springframework.web.filter.CorsFilter@57deb299, org.springframework.security.web.authentication.logout.LogoutFilter@23e5de24, org.springframework.security.web.authentication.www.BasicAuthenticationFilter@19a06c7b, org.springframework.security.web.savedrequest.RequestCacheAwareFilter@3e7f56e8, org.springframework.security.web.servletapi.SecurityContextHolderAwareRequestFilter@24d213d5, org.springframework.security.web.authentication.AnonymousAuthenticationFilter@20093df3, org.springframework.security.web.session.SessionManagementFilter@2ca18599, org.springframework.security.web.access.ExceptionTranslationFilter@7e11e057, org.springframework.security.web.access.intercept.FilterSecurityInterceptor@70e21264]
2022-05-16 15:09:50.696  INFO 28123 --- [    Test worker] o.s.s.concurrent.ThreadPoolTaskExecutor  : Initializing ExecutorService 'applicationTaskExecutor'
2022-05-16 15:09:50.802  INFO 28123 --- [    Test worker] o.s.b.t.m.w.SpringBootMockServletContext : Initializing Spring TestDispatcherServlet ''
2022-05-16 15:09:50.802  INFO 28123 --- [    Test worker] o.s.t.web.servlet.TestDispatcherServlet  : Initializing Servlet ''
2022-05-16 15:09:50.807  INFO 28123 --- [    Test worker] o.s.t.web.servlet.TestDispatcherServlet  : Completed initialization in 5 ms
2022-05-16 15:09:50.822  INFO 28123 --- [    Test worker] c.t.b.bookshop.user.UserControllerTest   : Started UserControllerTest in 1.249 seconds (JVM running for 25.248)
]]></system-out>
  <system-err><![CDATA[]]></system-err>
</testsuite>
