<?xml version="1.0" encoding="UTF-8"?>
<testsuite name="com.tw.bootcamp.bookshop.book.BookControllerTest" tests="0" skipped="0" failures="0" errors="0" timestamp="1970-01-01T00:00:00" hostname="Abulassans-MacBook-Pro.local" time="0.0">
  <properties/>
  <system-out><![CDATA[2022-05-16 15:09:54.323  INFO 28123 --- [    Test worker] .b.t.a.w.s.WebMvcTestContextBootstrapper : Neither @ContextConfiguration nor @ContextHierarchy found for test class [com.tw.bootcamp.bookshop.book.BookControllerTest], using SpringBootContextLoader
2022-05-16 15:09:54.324  INFO 28123 --- [    Test worker] o.s.t.c.support.AbstractContextLoader    : Could not detect default resource locations for test class [com.tw.bootcamp.bookshop.book.BookControllerTest]: no resource found for suffixes {-context.xml, Context.groovy}.
2022-05-16 15:09:54.324  INFO 28123 --- [    Test worker] t.c.s.AnnotationConfigContextLoaderUtils : Could not detect default configuration classes for test class [com.tw.bootcamp.bookshop.book.BookControllerTest]: BookControllerTest does not declare any static, non-private, non-final, nested classes annotated with @Configuration.
2022-05-16 15:09:54.360  INFO 28123 --- [    Test worker] .b.t.c.SpringBootTestContextBootstrapper : Found @SpringBootConfiguration com.tw.bootcamp.bookshop.BookshopApplication for test class com.tw.bootcamp.bookshop.book.BookControllerTest
2022-05-16 15:09:54.361  INFO 28123 --- [    Test worker] .b.t.a.w.s.WebMvcTestContextBootstrapper : Loaded default TestExecutionListener class names from location [META-INF/spring.factories]: [org.springframework.security.test.context.support.WithSecurityContextTestExecutionListener, org.springframework.security.test.context.support.ReactorContextTestExecutionListener, org.springframework.boot.test.autoconfigure.restdocs.RestDocsTestExecutionListener, org.springframework.boot.test.autoconfigure.web.client.MockRestServiceServerResetTestExecutionListener, org.springframework.boot.test.autoconfigure.web.servlet.MockMvcPrintOnlyOnFailureTestExecutionListener, org.springframework.boot.test.autoconfigure.web.servlet.WebDriverTestExecutionListener, org.springframework.boot.test.autoconfigure.webservices.client.MockWebServiceServerTestExecutionListener, org.springframework.boot.test.mock.mockito.MockitoTestExecutionListener, org.springframework.boot.test.mock.mockito.ResetMocksTestExecutionListener, org.springframework.test.context.web.ServletTestExecutionListener, org.springframework.test.context.support.DirtiesContextBeforeModesTestExecutionListener, org.springframework.test.context.support.DependencyInjectionTestExecutionListener, org.springframework.test.context.support.DirtiesContextTestExecutionListener, org.springframework.test.context.transaction.TransactionalTestExecutionListener, org.springframework.test.context.jdbc.SqlScriptsTestExecutionListener, org.springframework.test.context.event.EventPublishingTestExecutionListener]
2022-05-16 15:09:54.362  INFO 28123 --- [    Test worker] .b.t.a.w.s.WebMvcTestContextBootstrapper : Using TestExecutionListeners: [org.springframework.test.context.web.ServletTestExecutionListener@39c6b14b, org.springframework.test.context.support.DirtiesContextBeforeModesTestExecutionListener@5814002c, org.springframework.boot.test.mock.mockito.MockitoTestExecutionListener@7611c859, org.springframework.boot.test.autoconfigure.SpringBootDependencyInjectionTestExecutionListener@1c8155d3, org.springframework.test.context.support.DirtiesContextTestExecutionListener@1041e3e1, org.springframework.test.context.transaction.TransactionalTestExecutionListener@68ac94a5, org.springframework.test.context.jdbc.SqlScriptsTestExecutionListener@1007dae9, org.springframework.security.test.context.support.WithSecurityContextTestExecutionListener@6be3af7, org.springframework.test.context.event.EventPublishingTestExecutionListener@19ff9f2a, org.springframework.security.test.context.support.ReactorContextTestExecutionListener@157a390c, org.springframework.boot.test.autoconfigure.restdocs.RestDocsTestExecutionListener@3b8479d8, org.springframework.boot.test.autoconfigure.web.client.MockRestServiceServerResetTestExecutionListener@4c9a95dd, org.springframework.boot.test.autoconfigure.web.servlet.MockMvcPrintOnlyOnFailureTestExecutionListener@29f955ab, org.springframework.boot.test.autoconfigure.web.servlet.WebDriverTestExecutionListener@6d8fbbc1, org.springframework.boot.test.autoconfigure.webservices.client.MockWebServiceServerTestExecutionListener@75dd5511, org.springframework.boot.test.mock.mockito.ResetMocksTestExecutionListener@6d71020a]
]]></system-out>
  <system-err><![CDATA[]]></system-err>
</testsuite>
