<?xml version="1.0" encoding="UTF-8"?>
<testsuite name="com.tw.bootcamp.bookshop.order.OrderServiceTest$Orders" tests="2" skipped="0" failures="0" errors="0" timestamp="2022-05-16T09:39:46" hostname="Abulassans-MacBook-Pro.local" time="0.124">
  <properties/>
  <testcase name="shouldReturnValidOrderIdWhenOrderIsSavedSuccessFully()" classname="com.tw.bootcamp.bookshop.order.OrderServiceTest$Orders" time="0.054"/>
  <testcase name="shouldNotCreateOrderWhenInputIsInvalid()" classname="com.tw.bootcamp.bookshop.order.OrderServiceTest$Orders" time="0.068"/>
  <system-out><![CDATA[2022-05-16 15:09:46.339  INFO 28123 --- [    Test worker] o.s.t.c.s.DefaultTestContextBootstrapper : Neither @ContextConfiguration nor @ContextHierarchy found for test class [com.tw.bootcamp.bookshop.order.OrderServiceTest$Orders], using DelegatingSmartContextLoader
2022-05-16 15:09:46.343  INFO 28123 --- [    Test worker] o.s.t.c.support.AbstractContextLoader    : Could not detect default resource locations for test class [com.tw.bootcamp.bookshop.order.OrderServiceTest$Orders]: no resource found for suffixes {-context.xml}.
2022-05-16 15:09:46.343  INFO 28123 --- [    Test worker] t.c.s.AnnotationConfigContextLoaderUtils : Could not detect default configuration classes for test class [com.tw.bootcamp.bookshop.order.OrderServiceTest$Orders]: Orders does not declare any static, non-private, non-final, nested classes annotated with @Configuration.
2022-05-16 15:09:46.348  INFO 28123 --- [    Test worker] o.s.t.c.s.DefaultTestContextBootstrapper : Loaded default TestExecutionListener class names from location [META-INF/spring.factories]: [org.springframework.security.test.context.support.WithSecurityContextTestExecutionListener, org.springframework.security.test.context.support.ReactorContextTestExecutionListener, org.springframework.boot.test.autoconfigure.restdocs.RestDocsTestExecutionListener, org.springframework.boot.test.autoconfigure.web.client.MockRestServiceServerResetTestExecutionListener, org.springframework.boot.test.autoconfigure.web.servlet.MockMvcPrintOnlyOnFailureTestExecutionListener, org.springframework.boot.test.autoconfigure.web.servlet.WebDriverTestExecutionListener, org.springframework.boot.test.autoconfigure.webservices.client.MockWebServiceServerTestExecutionListener, org.springframework.boot.test.mock.mockito.MockitoTestExecutionListener, org.springframework.boot.test.mock.mockito.ResetMocksTestExecutionListener, org.springframework.test.context.web.ServletTestExecutionListener, org.springframework.test.context.support.DirtiesContextBeforeModesTestExecutionListener, org.springframework.test.context.support.DependencyInjectionTestExecutionListener, org.springframework.test.context.support.DirtiesContextTestExecutionListener, org.springframework.test.context.transaction.TransactionalTestExecutionListener, org.springframework.test.context.jdbc.SqlScriptsTestExecutionListener, org.springframework.test.context.event.EventPublishingTestExecutionListener]
2022-05-16 15:09:46.353  INFO 28123 --- [    Test worker] o.s.t.c.s.DefaultTestContextBootstrapper : Using TestExecutionListeners: [org.springframework.test.context.web.ServletTestExecutionListener@33de84c6, org.springframework.test.context.support.DirtiesContextBeforeModesTestExecutionListener@6b47f97b, org.springframework.boot.test.mock.mockito.MockitoTestExecutionListener@1720c9f, org.springframework.test.context.support.DependencyInjectionTestExecutionListener@65d46749, org.springframework.test.context.support.DirtiesContextTestExecutionListener@226b2781, org.springframework.test.context.transaction.TransactionalTestExecutionListener@76b38e96, org.springframework.test.context.jdbc.SqlScriptsTestExecutionListener@67b4622b, org.springframework.security.test.context.support.WithSecurityContextTestExecutionListener@219cafbb, org.springframework.test.context.event.EventPublishingTestExecutionListener@5ab0c326, org.springframework.security.test.context.support.ReactorContextTestExecutionListener@309d21d8, org.springframework.boot.test.autoconfigure.restdocs.RestDocsTestExecutionListener@74fcb8da, org.springframework.boot.test.autoconfigure.web.client.MockRestServiceServerResetTestExecutionListener@30593089, org.springframework.boot.test.autoconfigure.web.servlet.MockMvcPrintOnlyOnFailureTestExecutionListener@6cac7c57, org.springframework.boot.test.autoconfigure.web.servlet.WebDriverTestExecutionListener@35e613fb, org.springframework.boot.test.autoconfigure.webservices.client.MockWebServiceServerTestExecutionListener@24cd47f5, org.springframework.boot.test.mock.mockito.ResetMocksTestExecutionListener@5d69e69d]
]]></system-out>
  <system-err><![CDATA[]]></system-err>
</testsuite>
