<?xml version="1.0" encoding="UTF-8"?>
<testsuite name="com.tw.bootcamp.bookshop.purchase.payment.CashOnDeliveryTest" tests="2" skipped="0" failures="0" errors="0" timestamp="2022-05-16T09:39:56" hostname="Abulassans-MacBook-Pro.local" time="0.005">
  <properties/>
  <testcase name="shouldPayUsingCashOnDeliveryMethod()" classname="com.tw.bootcamp.bookshop.purchase.payment.CashOnDeliveryTest" time="0.005"/>
  <testcase name="shouldReturnCODAsPaymentMethodType()" classname="com.tw.bootcamp.bookshop.purchase.payment.CashOnDeliveryTest" time="0.0"/>
  <system-out><![CDATA[]]></system-out>
  <system-err><![CDATA[]]></system-err>
</testsuite>
