<?xml version="1.0" encoding="UTF-8"?>
<testsuite name="com.tw.bootcamp.bookshop.purchase.PurchaseControllerTest" tests="3" skipped="0" failures="0" errors="0" timestamp="2022-05-16T09:40:00" hostname="Abulassans-MacBook-Pro.local" time="0.27">
  <properties/>
  <testcase name="shouldThrowBadRequestExceptionWhenThereIsAnyMissingValueInRequest()" classname="com.tw.bootcamp.bookshop.purchase.PurchaseControllerTest" time="0.201"/>
  <testcase name="shouldReturnSuccessOnOrderingOneBook()" classname="com.tw.bootcamp.bookshop.purchase.PurchaseControllerTest" time="0.033"/>
  <testcase name="shouldThrowBadRequestExceptionWhenThereAnyInvalidPaymentMethodIsSent()" classname="com.tw.bootcamp.bookshop.purchase.PurchaseControllerTest" time="0.031"/>
  <system-out><![CDATA[2022-05-16 15:09:59.024  INFO 28123 --- [    Test worker] .b.t.a.w.s.WebMvcTestContextBootstrapper : Neither @ContextConfiguration nor @ContextHierarchy found for test class [com.tw.bootcamp.bookshop.purchase.PurchaseControllerTest], using SpringBootContextLoader
2022-05-16 15:09:59.033  INFO 28123 --- [    Test worker] o.s.t.c.support.AbstractContextLoader    : Could not detect default resource locations for test class [com.tw.bootcamp.bookshop.purchase.PurchaseControllerTest]: no resource found for suffixes {-context.xml, Context.groovy}.
2022-05-16 15:09:59.033  INFO 28123 --- [    Test worker] t.c.s.AnnotationConfigContextLoaderUtils : Could not detect default configuration classes for test class [com.tw.bootcamp.bookshop.purchase.PurchaseControllerTest]: PurchaseControllerTest does not declare any static, non-private, non-final, nested classes annotated with @Configuration.
2022-05-16 15:09:59.095  INFO 28123 --- [    Test worker] .b.t.c.SpringBootTestContextBootstrapper : Found @SpringBootConfiguration com.tw.bootcamp.bookshop.BookshopApplication for test class com.tw.bootcamp.bookshop.purchase.PurchaseControllerTest
2022-05-16 15:09:59.098  INFO 28123 --- [    Test worker] .b.t.a.w.s.WebMvcTestContextBootstrapper : Loaded default TestExecutionListener class names from location [META-INF/spring.factories]: [org.springframework.security.test.context.support.WithSecurityContextTestExecutionListener, org.springframework.security.test.context.support.ReactorContextTestExecutionListener, org.springframework.boot.test.autoconfigure.restdocs.RestDocsTestExecutionListener, org.springframework.boot.test.autoconfigure.web.client.MockRestServiceServerResetTestExecutionListener, org.springframework.boot.test.autoconfigure.web.servlet.MockMvcPrintOnlyOnFailureTestExecutionListener, org.springframework.boot.test.autoconfigure.web.servlet.WebDriverTestExecutionListener, org.springframework.boot.test.autoconfigure.webservices.client.MockWebServiceServerTestExecutionListener, org.springframework.boot.test.mock.mockito.MockitoTestExecutionListener, org.springframework.boot.test.mock.mockito.ResetMocksTestExecutionListener, org.springframework.test.context.web.ServletTestExecutionListener, org.springframework.test.context.support.DirtiesContextBeforeModesTestExecutionListener, org.springframework.test.context.support.DependencyInjectionTestExecutionListener, org.springframework.test.context.support.DirtiesContextTestExecutionListener, org.springframework.test.context.transaction.TransactionalTestExecutionListener, org.springframework.test.context.jdbc.SqlScriptsTestExecutionListener, org.springframework.test.context.event.EventPublishingTestExecutionListener]
2022-05-16 15:09:59.099  INFO 28123 --- [    Test worker] .b.t.a.w.s.WebMvcTestContextBootstrapper : Using TestExecutionListeners: [org.springframework.test.context.web.ServletTestExecutionListener@315f6e54, org.springframework.test.context.support.DirtiesContextBeforeModesTestExecutionListener@241d540, org.springframework.boot.test.mock.mockito.MockitoTestExecutionListener@2dc9ec27, org.springframework.boot.test.autoconfigure.SpringBootDependencyInjectionTestExecutionListener@5c33c4c6, org.springframework.test.context.support.DirtiesContextTestExecutionListener@16542cda, org.springframework.test.context.transaction.TransactionalTestExecutionListener@1a331085, org.springframework.test.context.jdbc.SqlScriptsTestExecutionListener@78797f30, org.springframework.security.test.context.support.WithSecurityContextTestExecutionListener@3aae910d, org.springframework.test.context.event.EventPublishingTestExecutionListener@d2b487e, org.springframework.security.test.context.support.ReactorContextTestExecutionListener@f9ec666, org.springframework.boot.test.autoconfigure.restdocs.RestDocsTestExecutionListener@3cadb85a, org.springframework.boot.test.autoconfigure.web.client.MockRestServiceServerResetTestExecutionListener@7245703b, org.springframework.boot.test.autoconfigure.web.servlet.MockMvcPrintOnlyOnFailureTestExecutionListener@257aaeb5, org.springframework.boot.test.autoconfigure.web.servlet.WebDriverTestExecutionListener@5c2ef18a, org.springframework.boot.test.autoconfigure.webservices.client.MockWebServiceServerTestExecutionListener@d90ed3d, org.springframework.boot.test.mock.mockito.ResetMocksTestExecutionListener@540d801c]

  .   ____          _            __ _ _
 /\\ / ___'_ __ _ _(_)_ __  __ _ \ \ \ \
( ( )\___ | '_ | '_| | '_ \/ _` | \ \ \ \
 \\/  ___)| |_)| | | | | || (_| |  ) ) ) )
  '  |____| .__|_| |_|_| |_\__, | / / / /
 =========|_|==============|___/=/_/_/_/
 :: Spring Boot ::        (v2.3.2.RELEASE)

2022-05-16 15:09:59.175  INFO 28123 --- [    Test worker] c.t.b.b.purchase.PurchaseControllerTest  : Starting PurchaseControllerTest on Abulassans-MacBook-Pro.local with PID 28123 (started by abulassan.athoughtworks.com in /Users/abulassan.athoughtworks.com/Bootcamp/Repo/batch-06-book-shop-demo-team-a)
2022-05-16 15:09:59.176  INFO 28123 --- [    Test worker] c.t.b.b.purchase.PurchaseControllerTest  : The following profiles are active: test
2022-05-16 15:10:00.163  INFO 28123 --- [    Test worker] o.s.s.web.DefaultSecurityFilterChain     : Creating filter chain: any request, [org.springframework.security.web.context.request.async.WebAsyncManagerIntegrationFilter@619f4043, org.springframework.security.web.context.SecurityContextPersistenceFilter@2c3977d6, org.springframework.security.web.header.HeaderWriterFilter@7c8defd0, org.springframework.web.filter.CorsFilter@73924950, org.springframework.security.web.authentication.logout.LogoutFilter@3e6aabc0, org.springframework.security.web.authentication.www.BasicAuthenticationFilter@4d6c19aa, org.springframework.security.web.savedrequest.RequestCacheAwareFilter@61ebed1c, org.springframework.security.web.servletapi.SecurityContextHolderAwareRequestFilter@728b6d9e, org.springframework.security.web.authentication.AnonymousAuthenticationFilter@6c9ee142, org.springframework.security.web.session.SessionManagementFilter@3fe28916, org.springframework.security.web.access.ExceptionTranslationFilter@225df85d, org.springframework.security.web.access.intercept.FilterSecurityInterceptor@2623d6]
2022-05-16 15:10:00.226  INFO 28123 --- [    Test worker] o.s.s.concurrent.ThreadPoolTaskExecutor  : Initializing ExecutorService 'applicationTaskExecutor'
2022-05-16 15:10:00.280  INFO 28123 --- [    Test worker] o.s.b.t.m.w.SpringBootMockServletContext : Initializing Spring TestDispatcherServlet ''
2022-05-16 15:10:00.280  INFO 28123 --- [    Test worker] o.s.t.web.servlet.TestDispatcherServlet  : Initializing Servlet ''
2022-05-16 15:10:00.285  INFO 28123 --- [    Test worker] o.s.t.web.servlet.TestDispatcherServlet  : Completed initialization in 5 ms
2022-05-16 15:10:00.299  INFO 28123 --- [    Test worker] c.t.b.b.purchase.PurchaseControllerTest  : Started PurchaseControllerTest in 1.193 seconds (JVM running for 34.725)
]]></system-out>
  <system-err><![CDATA[]]></system-err>
</testsuite>
