<?xml version="1.0" encoding="UTF-8"?>
<testsuite name="com.tw.bootcamp.bookshop.book.BookServiceTest" tests="0" skipped="0" failures="0" errors="0" timestamp="1970-01-01T00:00:00" hostname="Abulassans-MacBook-Pro.local" time="0.0">
  <properties/>
  <system-out><![CDATA[2022-05-16 15:09:55.807  INFO 28123 --- [    Test worker] .b.t.c.SpringBootTestContextBootstrapper : Neither @ContextConfiguration nor @ContextHierarchy found for test class [com.tw.bootcamp.bookshop.book.BookServiceTest], using SpringBootContextLoader
2022-05-16 15:09:55.808  INFO 28123 --- [    Test worker] o.s.t.c.support.AbstractContextLoader    : Could not detect default resource locations for test class [com.tw.bootcamp.bookshop.book.BookServiceTest]: no resource found for suffixes {-context.xml, Context.groovy}.
2022-05-16 15:09:55.808  INFO 28123 --- [    Test worker] t.c.s.AnnotationConfigContextLoaderUtils : Could not detect default configuration classes for test class [com.tw.bootcamp.bookshop.book.BookServiceTest]: BookServiceTest does not declare any static, non-private, non-final, nested classes annotated with @Configuration.
2022-05-16 15:09:55.810  INFO 28123 --- [    Test worker] .b.t.c.SpringBootTestContextBootstrapper : Found @SpringBootConfiguration com.tw.bootcamp.bookshop.BookshopApplication for test class com.tw.bootcamp.bookshop.book.BookServiceTest
2022-05-16 15:09:55.812  INFO 28123 --- [    Test worker] .b.t.c.SpringBootTestContextBootstrapper : Loaded default TestExecutionListener class names from location [META-INF/spring.factories]: [org.springframework.security.test.context.support.WithSecurityContextTestExecutionListener, org.springframework.security.test.context.support.ReactorContextTestExecutionListener, org.springframework.boot.test.autoconfigure.restdocs.RestDocsTestExecutionListener, org.springframework.boot.test.autoconfigure.web.client.MockRestServiceServerResetTestExecutionListener, org.springframework.boot.test.autoconfigure.web.servlet.MockMvcPrintOnlyOnFailureTestExecutionListener, org.springframework.boot.test.autoconfigure.web.servlet.WebDriverTestExecutionListener, org.springframework.boot.test.autoconfigure.webservices.client.MockWebServiceServerTestExecutionListener, org.springframework.boot.test.mock.mockito.MockitoTestExecutionListener, org.springframework.boot.test.mock.mockito.ResetMocksTestExecutionListener, org.springframework.test.context.web.ServletTestExecutionListener, org.springframework.test.context.support.DirtiesContextBeforeModesTestExecutionListener, org.springframework.test.context.support.DependencyInjectionTestExecutionListener, org.springframework.test.context.support.DirtiesContextTestExecutionListener, org.springframework.test.context.transaction.TransactionalTestExecutionListener, org.springframework.test.context.jdbc.SqlScriptsTestExecutionListener, org.springframework.test.context.event.EventPublishingTestExecutionListener]
2022-05-16 15:09:55.812  INFO 28123 --- [    Test worker] .b.t.c.SpringBootTestContextBootstrapper : Using TestExecutionListeners: [org.springframework.test.context.web.ServletTestExecutionListener@4984100f, org.springframework.test.context.support.DirtiesContextBeforeModesTestExecutionListener@7a8cf72d, org.springframework.boot.test.mock.mockito.MockitoTestExecutionListener@72551313, org.springframework.boot.test.autoconfigure.SpringBootDependencyInjectionTestExecutionListener@4bc0d59d, org.springframework.test.context.support.DirtiesContextTestExecutionListener@222da082, org.springframework.test.context.transaction.TransactionalTestExecutionListener@3f050e75, org.springframework.test.context.jdbc.SqlScriptsTestExecutionListener@65124f0d, org.springframework.security.test.context.support.WithSecurityContextTestExecutionListener@28b3020f, org.springframework.test.context.event.EventPublishingTestExecutionListener@67d59e2b, org.springframework.security.test.context.support.ReactorContextTestExecutionListener@70b44202, org.springframework.boot.test.autoconfigure.restdocs.RestDocsTestExecutionListener@7a9013e, org.springframework.boot.test.autoconfigure.web.client.MockRestServiceServerResetTestExecutionListener@37bad8be, org.springframework.boot.test.autoconfigure.web.servlet.MockMvcPrintOnlyOnFailureTestExecutionListener@7c552ca4, org.springframework.boot.test.autoconfigure.web.servlet.WebDriverTestExecutionListener@2e23d57e, org.springframework.boot.test.autoconfigure.webservices.client.MockWebServiceServerTestExecutionListener@61cc9175, org.springframework.boot.test.mock.mockito.ResetMocksTestExecutionListener@d2dada]
]]></system-out>
  <system-err><![CDATA[]]></system-err>
</testsuite>
