<?xml version="1.0" encoding="UTF-8"?>
<testsuite name="com.tw.bootcamp.bookshop.user.address.AddressControllerTest" tests="2" skipped="0" failures="0" errors="0" timestamp="2022-05-16T09:39:53" hostname="Abulassans-MacBook-Pro.local" time="0.279">
  <properties/>
  <testcase name="shouldCreateAddressWhenValid()" classname="com.tw.bootcamp.bookshop.user.address.AddressControllerTest" time="0.167"/>
  <testcase name="shouldNotCreateAddressWhenInValid()" classname="com.tw.bootcamp.bookshop.user.address.AddressControllerTest" time="0.108"/>
  <system-out><![CDATA[2022-05-16 15:09:52.470  INFO 28123 --- [    Test worker] .b.t.a.w.s.WebMvcTestContextBootstrapper : Neither @ContextConfiguration nor @ContextHierarchy found for test class [com.tw.bootcamp.bookshop.user.address.AddressControllerTest], using SpringBootContextLoader
2022-05-16 15:09:52.473  INFO 28123 --- [    Test worker] o.s.t.c.support.AbstractContextLoader    : Could not detect default resource locations for test class [com.tw.bootcamp.bookshop.user.address.AddressControllerTest]: no resource found for suffixes {-context.xml, Context.groovy}.
2022-05-16 15:09:52.473  INFO 28123 --- [    Test worker] t.c.s.AnnotationConfigContextLoaderUtils : Could not detect default configuration classes for test class [com.tw.bootcamp.bookshop.user.address.AddressControllerTest]: AddressControllerTest does not declare any static, non-private, non-final, nested classes annotated with @Configuration.
2022-05-16 15:09:52.510  INFO 28123 --- [    Test worker] .b.t.c.SpringBootTestContextBootstrapper : Found @SpringBootConfiguration com.tw.bootcamp.bookshop.BookshopApplication for test class com.tw.bootcamp.bookshop.user.address.AddressControllerTest
2022-05-16 15:09:52.511  INFO 28123 --- [    Test worker] .b.t.a.w.s.WebMvcTestContextBootstrapper : Loaded default TestExecutionListener class names from location [META-INF/spring.factories]: [org.springframework.security.test.context.support.WithSecurityContextTestExecutionListener, org.springframework.security.test.context.support.ReactorContextTestExecutionListener, org.springframework.boot.test.autoconfigure.restdocs.RestDocsTestExecutionListener, org.springframework.boot.test.autoconfigure.web.client.MockRestServiceServerResetTestExecutionListener, org.springframework.boot.test.autoconfigure.web.servlet.MockMvcPrintOnlyOnFailureTestExecutionListener, org.springframework.boot.test.autoconfigure.web.servlet.WebDriverTestExecutionListener, org.springframework.boot.test.autoconfigure.webservices.client.MockWebServiceServerTestExecutionListener, org.springframework.boot.test.mock.mockito.MockitoTestExecutionListener, org.springframework.boot.test.mock.mockito.ResetMocksTestExecutionListener, org.springframework.test.context.web.ServletTestExecutionListener, org.springframework.test.context.support.DirtiesContextBeforeModesTestExecutionListener, org.springframework.test.context.support.DependencyInjectionTestExecutionListener, org.springframework.test.context.support.DirtiesContextTestExecutionListener, org.springframework.test.context.transaction.TransactionalTestExecutionListener, org.springframework.test.context.jdbc.SqlScriptsTestExecutionListener, org.springframework.test.context.event.EventPublishingTestExecutionListener]
2022-05-16 15:09:52.512  INFO 28123 --- [    Test worker] .b.t.a.w.s.WebMvcTestContextBootstrapper : Using TestExecutionListeners: [org.springframework.test.context.web.ServletTestExecutionListener@4cc97cae, org.springframework.test.context.support.DirtiesContextBeforeModesTestExecutionListener@43b319bc, org.springframework.boot.test.mock.mockito.MockitoTestExecutionListener@4e6ff809, org.springframework.boot.test.autoconfigure.SpringBootDependencyInjectionTestExecutionListener@2fa4ebf2, org.springframework.test.context.support.DirtiesContextTestExecutionListener@288fcea4, org.springframework.test.context.transaction.TransactionalTestExecutionListener@732a4cf0, org.springframework.test.context.jdbc.SqlScriptsTestExecutionListener@42b44d2c, org.springframework.security.test.context.support.WithSecurityContextTestExecutionListener@4a47d5f3, org.springframework.test.context.event.EventPublishingTestExecutionListener@1cebd8f1, org.springframework.security.test.context.support.ReactorContextTestExecutionListener@3d074a50, org.springframework.boot.test.autoconfigure.restdocs.RestDocsTestExecutionListener@5dbabdf1, org.springframework.boot.test.autoconfigure.web.client.MockRestServiceServerResetTestExecutionListener@29a613f8, org.springframework.boot.test.autoconfigure.web.servlet.MockMvcPrintOnlyOnFailureTestExecutionListener@6b487a6d, org.springframework.boot.test.autoconfigure.web.servlet.WebDriverTestExecutionListener@6c1ae89e, org.springframework.boot.test.autoconfigure.webservices.client.MockWebServiceServerTestExecutionListener@64c785d9, org.springframework.boot.test.mock.mockito.ResetMocksTestExecutionListener@7d67736a]

  .   ____          _            __ _ _
 /\\ / ___'_ __ _ _(_)_ __  __ _ \ \ \ \
( ( )\___ | '_ | '_| | '_ \/ _` | \ \ \ \
 \\/  ___)| |_)| | | | | || (_| |  ) ) ) )
  '  |____| .__|_| |_|_| |_\__, | / / / /
 =========|_|==============|___/=/_/_/_/
 :: Spring Boot ::        (v2.3.2.RELEASE)

2022-05-16 15:09:52.572  INFO 28123 --- [    Test worker] c.t.b.b.u.address.AddressControllerTest  : Starting AddressControllerTest on Abulassans-MacBook-Pro.local with PID 28123 (started by abulassan.athoughtworks.com in /Users/abulassan.athoughtworks.com/Bootcamp/Repo/batch-06-book-shop-demo-team-a)
2022-05-16 15:09:52.572  INFO 28123 --- [    Test worker] c.t.b.b.u.address.AddressControllerTest  : The following profiles are active: test
2022-05-16 15:09:53.397  INFO 28123 --- [    Test worker] o.s.s.web.DefaultSecurityFilterChain     : Creating filter chain: any request, [org.springframework.security.web.context.request.async.WebAsyncManagerIntegrationFilter@260c1603, org.springframework.security.web.context.SecurityContextPersistenceFilter@2f8f66a4, org.springframework.security.web.header.HeaderWriterFilter@1b70985, org.springframework.web.filter.CorsFilter@1acca0a9, org.springframework.security.web.authentication.logout.LogoutFilter@77c0d132, org.springframework.security.web.authentication.www.BasicAuthenticationFilter@75133b83, org.springframework.security.web.savedrequest.RequestCacheAwareFilter@5b7fca8d, org.springframework.security.web.servletapi.SecurityContextHolderAwareRequestFilter@623d0b46, org.springframework.security.web.authentication.AnonymousAuthenticationFilter@644bc4b9, org.springframework.security.web.session.SessionManagementFilter@60342cc8, org.springframework.security.web.access.ExceptionTranslationFilter@2c2b15e5, org.springframework.security.web.access.intercept.FilterSecurityInterceptor@185cbffe]
2022-05-16 15:09:53.521  INFO 28123 --- [    Test worker] o.s.s.concurrent.ThreadPoolTaskExecutor  : Initializing ExecutorService 'applicationTaskExecutor'
2022-05-16 15:09:53.650  INFO 28123 --- [    Test worker] o.s.b.t.m.w.SpringBootMockServletContext : Initializing Spring TestDispatcherServlet ''
2022-05-16 15:09:53.653  INFO 28123 --- [    Test worker] o.s.t.web.servlet.TestDispatcherServlet  : Initializing Servlet ''
2022-05-16 15:09:53.661  INFO 28123 --- [    Test worker] o.s.t.web.servlet.TestDispatcherServlet  : Completed initialization in 7 ms
2022-05-16 15:09:53.683  INFO 28123 --- [    Test worker] c.t.b.b.u.address.AddressControllerTest  : Started AddressControllerTest in 1.168 seconds (JVM running for 28.109)
]]></system-out>
  <system-err><![CDATA[]]></system-err>
</testsuite>
