<?xml version="1.0" encoding="UTF-8"?>
<testsuite name="com.tw.bootcamp.bookshop.book.BookServiceTest$DeleteBook" tests="2" skipped="0" failures="0" errors="0" timestamp="2022-05-16T09:39:56" hostname="Abulassans-MacBook-Pro.local" time="0.043">
  <properties/>
  <testcase name="shouldRemoveBookSuccessfullyOnDeletingAvailableBook()" classname="com.tw.bootcamp.bookshop.book.BookServiceTest$DeleteBook" time="0.012"/>
  <testcase name="shouldThrowBookNotAvailableExceptionOnDeletingUnAvailableBook()" classname="com.tw.bootcamp.bookshop.book.BookServiceTest$DeleteBook" time="0.028"/>
  <system-out><![CDATA[2022-05-16 15:09:55.997  INFO 28123 --- [    Test worker] o.s.t.c.s.DefaultTestContextBootstrapper : Neither @ContextConfiguration nor @ContextHierarchy found for test class [com.tw.bootcamp.bookshop.book.BookServiceTest$DeleteBook], using DelegatingSmartContextLoader
2022-05-16 15:09:55.997  INFO 28123 --- [    Test worker] o.s.t.c.support.AbstractContextLoader    : Could not detect default resource locations for test class [com.tw.bootcamp.bookshop.book.BookServiceTest$DeleteBook]: no resource found for suffixes {-context.xml}.
2022-05-16 15:09:55.998  INFO 28123 --- [    Test worker] t.c.s.AnnotationConfigContextLoaderUtils : Could not detect default configuration classes for test class [com.tw.bootcamp.bookshop.book.BookServiceTest$DeleteBook]: DeleteBook does not declare any static, non-private, non-final, nested classes annotated with @Configuration.
2022-05-16 15:09:56.000  INFO 28123 --- [    Test worker] o.s.t.c.s.DefaultTestContextBootstrapper : Loaded default TestExecutionListener class names from location [META-INF/spring.factories]: [org.springframework.security.test.context.support.WithSecurityContextTestExecutionListener, org.springframework.security.test.context.support.ReactorContextTestExecutionListener, org.springframework.boot.test.autoconfigure.restdocs.RestDocsTestExecutionListener, org.springframework.boot.test.autoconfigure.web.client.MockRestServiceServerResetTestExecutionListener, org.springframework.boot.test.autoconfigure.web.servlet.MockMvcPrintOnlyOnFailureTestExecutionListener, org.springframework.boot.test.autoconfigure.web.servlet.WebDriverTestExecutionListener, org.springframework.boot.test.autoconfigure.webservices.client.MockWebServiceServerTestExecutionListener, org.springframework.boot.test.mock.mockito.MockitoTestExecutionListener, org.springframework.boot.test.mock.mockito.ResetMocksTestExecutionListener, org.springframework.test.context.web.ServletTestExecutionListener, org.springframework.test.context.support.DirtiesContextBeforeModesTestExecutionListener, org.springframework.test.context.support.DependencyInjectionTestExecutionListener, org.springframework.test.context.support.DirtiesContextTestExecutionListener, org.springframework.test.context.transaction.TransactionalTestExecutionListener, org.springframework.test.context.jdbc.SqlScriptsTestExecutionListener, org.springframework.test.context.event.EventPublishingTestExecutionListener]
2022-05-16 15:09:56.002  INFO 28123 --- [    Test worker] o.s.t.c.s.DefaultTestContextBootstrapper : Using TestExecutionListeners: [org.springframework.test.context.web.ServletTestExecutionListener@772b9d, org.springframework.test.context.support.DirtiesContextBeforeModesTestExecutionListener@30cdf735, org.springframework.boot.test.mock.mockito.MockitoTestExecutionListener@1db514ec, org.springframework.test.context.support.DependencyInjectionTestExecutionListener@9558e6e, org.springframework.test.context.support.DirtiesContextTestExecutionListener@3047771a, org.springframework.test.context.transaction.TransactionalTestExecutionListener@6f6c4a78, org.springframework.test.context.jdbc.SqlScriptsTestExecutionListener@5acb310d, org.springframework.security.test.context.support.WithSecurityContextTestExecutionListener@7fc8e2c4, org.springframework.test.context.event.EventPublishingTestExecutionListener@74bcb580, org.springframework.security.test.context.support.ReactorContextTestExecutionListener@790e1ee5, org.springframework.boot.test.autoconfigure.restdocs.RestDocsTestExecutionListener@7a4e0b90, org.springframework.boot.test.autoconfigure.web.client.MockRestServiceServerResetTestExecutionListener@42a818df, org.springframework.boot.test.autoconfigure.web.servlet.MockMvcPrintOnlyOnFailureTestExecutionListener@53a9b5bf, org.springframework.boot.test.autoconfigure.web.servlet.WebDriverTestExecutionListener@5a597019, org.springframework.boot.test.autoconfigure.webservices.client.MockWebServiceServerTestExecutionListener@5041e249, org.springframework.boot.test.mock.mockito.ResetMocksTestExecutionListener@522d667e]
]]></system-out>
  <system-err><![CDATA[]]></system-err>
</testsuite>
