<?xml version="1.0" encoding="UTF-8"?>
<testsuite name="com.tw.bootcamp.bookshop.user.UserTest" tests="3" skipped="0" failures="0" errors="0" timestamp="2022-05-16T09:39:52" hostname="Abulassans-MacBook-Pro.local" time="0.307">
  <properties/>
  <testcase name="shouldBePasswordMandatory()" classname="com.tw.bootcamp.bookshop.user.UserTest" time="0.019"/>
  <testcase name="shouldBeEmailMandatory()" classname="com.tw.bootcamp.bookshop.user.UserTest" time="0.117"/>
  <testcase name="shouldCreateUserEncryptPassword()" classname="com.tw.bootcamp.bookshop.user.UserTest" time="0.168"/>
  <system-out><![CDATA[]]></system-out>
  <system-err><![CDATA[]]></system-err>
</testsuite>
